TN:
SF:chatbot-api\intentAnalyzer.js
FN:2,(anonymous_0)
FN:406,(anonymous_1)
FN:465,(anonymous_2)
FN:496,(anonymous_3)
FNF:4
FNH:4
FNDA:23,(anonymous_0)
FNDA:16,(anonymous_1)
FNDA:15,(anonymous_2)
FNDA:2,(anonymous_3)
DA:3,23
DA:4,23
DA:5,23
DA:7,23
DA:407,16
DA:408,16
DA:409,16
DA:410,3
DA:413,13
DA:414,13
DA:448,12
DA:449,11
DA:452,11
DA:457,11
DA:460,2
DA:461,2
DA:467,15
DA:468,6
DA:469,6
DA:472,15
DA:473,3
DA:476,15
DA:477,1
DA:478,1
DA:482,15
DA:483,1
DA:484,1
DA:488,15
DA:489,3
DA:490,3
DA:493,15
DA:497,2
DA:513,1
LF:33
LH:33
BRDA:409,0,0,3
BRDA:409,0,1,13
BRDA:409,1,0,16
BRDA:409,1,1,4
BRDA:467,2,0,6
BRDA:467,2,1,9
BRDA:467,3,0,15
BRDA:467,3,1,13
BRDA:472,4,0,3
BRDA:472,4,1,12
BRDA:476,5,0,1
BRDA:476,5,1,14
BRDA:482,6,0,1
BRDA:482,6,1,14
BRDA:488,7,0,3
BRDA:488,7,1,12
BRDA:488,8,0,15
BRDA:488,8,1,3
BRF:18
BRH:18
end_of_record
TN:
SF:config\app.config.js
FN:10,(anonymous_0)
FNF:1
FNH:0
FNDA:0,(anonymous_0)
DA:1,1
DA:3,1
DA:10,1
DA:11,0
DA:14,1
DA:38,1
LF:6
LH:5
BRF:0
BRH:0
end_of_record
TN:
SF:config\db-config.js
FN:33,(anonymous_0)
FN:36,(anonymous_1)
FNF:2
FNH:0
FNDA:0,(anonymous_0)
FNDA:0,(anonymous_1)
DA:1,1
DA:2,1
DA:5,1
DA:6,1
DA:9,1
DA:31,1
DA:34,0
DA:37,0
DA:40,1
LF:9
LH:7
BRDA:5,0,0,1
BRDA:5,0,1,0
BRF:2
BRH:1
end_of_record
TN:
SF:config\env.js
FNF:0
FNH:0
DA:1,1
DA:2,1
DA:3,1
DA:5,1
LF:4
LH:4
BRF:0
BRH:0
end_of_record
TN:
SF:models\appointment.js
FN:4,(anonymous_0)
FNF:1
FNH:1
FNDA:1,(anonymous_0)
DA:1,1
DA:5,1
DA:79,1
LF:3
LH:3
BRF:0
BRH:0
end_of_record
TN:
SF:models\association.js
FN:1,(anonymous_0)
FN:27,(anonymous_1)
FNF:2
FNH:2
FNDA:1,(anonymous_0)
FNDA:24,(anonymous_1)
DA:1,1
DA:2,1
DA:25,1
DA:27,24
DA:30,1
DA:31,1
DA:32,1
DA:33,1
DA:35,1
DA:39,1
DA:44,1
DA:49,1
DA:53,1
DA:55,1
DA:56,1
DA:57,1
DA:59,1
DA:63,1
DA:67,1
DA:69,1
DA:73,1
DA:77,1
DA:79,1
DA:83,1
DA:87,1
DA:90,1
DA:91,1
DA:96,1
DA:101,1
DA:103,1
DA:104,1
DA:105,1
DA:107,1
DA:108,1
DA:109,1
DA:111,1
DA:112,1
DA:113,1
DA:116,1
DA:119,1
DA:122,1
DA:124,1
DA:127,1
DA:130,1
DA:132,1
DA:135,1
DA:137,1
DA:140,1
DA:142,1
DA:145,1
DA:148,1
DA:152,1
DA:165,1
DA:166,1
DA:167,1
DA:169,1
DA:174,1
DA:178,1
DA:181,1
DA:185,1
DA:190,1
DA:197,1
DA:202,1
DA:207,1
DA:211,1
DA:215,1
DA:218,1
DA:219,1
DA:220,1
DA:221,1
DA:223,1
DA:228,1
DA:232,1
DA:235,1
DA:236,1
DA:237,1
DA:238,1
DA:240,1
DA:241,1
DA:242,1
DA:245,1
DA:246,1
DA:247,1
DA:248,1
DA:250,1
DA:251,1
DA:252,1
DA:255,1
DA:256,1
DA:257,1
DA:258,1
DA:260,1
DA:261,1
DA:262,1
DA:264,1
DA:269,1
DA:273,1
DA:276,1
DA:277,1
DA:278,1
DA:279,1
DA:281,1
DA:282,1
DA:283,1
DA:285,1
DA:290,1
DA:295,1
DA:298,1
DA:303,1
DA:308,1
DA:310,1
DA:312,1
LF:112
LH:112
BRDA:27,0,0,24
BRDA:27,0,1,24
BRF:2
BRH:2
end_of_record
TN:
SF:models\customer.js
FN:4,(anonymous_0)
FNF:1
FNH:1
FNDA:1,(anonymous_0)
DA:1,1
DA:5,1
DA:73,1
LF:3
LH:3
BRF:0
BRH:0
end_of_record
TN:
SF:models\discount.js
FN:4,(anonymous_0)
FNF:1
FNH:1
FNDA:1,(anonymous_0)
DA:1,1
DA:5,1
DA:68,1
LF:3
LH:3
BRF:0
BRH:0
end_of_record
TN:
SF:models\index.js
FN:14,(anonymous_0)
FN:23,(anonymous_1)
FN:35,(anonymous_2)
FN:48,(anonymous_3)
FN:51,(anonymous_4)
FNF:5
FNH:3
FNDA:27,(anonymous_0)
FNDA:25,(anonymous_1)
FNDA:6,(anonymous_2)
FNDA:0,(anonymous_3)
FNDA:0,(anonymous_4)
DA:1,1
DA:2,1
DA:3,1
DA:4,1
DA:5,1
DA:6,1
DA:7,1
DA:8,1
DA:9,1
DA:11,1
DA:13,1
DA:15,27
DA:24,25
DA:25,25
DA:26,25
DA:27,24
DA:28,24
DA:29,24
DA:30,24
DA:34,1
DA:35,1
DA:36,6
DA:40,1
DA:42,1
DA:43,1
DA:46,1
DA:49,0
DA:52,0
DA:55,1
LF:29
LH:27
BRDA:5,0,0,1
BRDA:5,0,1,0
BRDA:16,1,0,27
BRDA:16,1,1,27
BRDA:16,1,2,26
BRDA:16,1,3,25
BRDA:16,1,4,25
BRDA:26,2,0,24
BRDA:26,2,1,1
BRF:9
BRH:8
end_of_record
TN:
SF:models\inventory.js
FN:4,(anonymous_0)
FN:34,(anonymous_1)
FNF:2
FNH:1
FNDA:1,(anonymous_0)
FNDA:0,(anonymous_1)
DA:1,1
DA:5,1
DA:35,0
DA:36,0
DA:117,1
LF:5
LH:3
BRDA:35,0,0,0
BRDA:35,0,1,0
BRDA:35,1,0,0
BRDA:35,1,1,0
BRF:4
BRH:0
end_of_record
TN:
SF:models\invoice.js
FN:4,(anonymous_0)
FNF:1
FNH:1
FNDA:1,(anonymous_0)
DA:1,1
DA:5,1
DA:42,1
LF:3
LH:3
BRF:0
BRH:0
end_of_record
TN:
SF:models\organization.js
FN:4,(anonymous_0)
FNF:1
FNH:1
FNDA:1,(anonymous_0)
DA:1,1
DA:5,1
DA:43,1
LF:3
LH:3
BRF:0
BRH:0
end_of_record
TN:
SF:models\productAlias.js
FN:4,(anonymous_0)
FNF:1
FNH:1
FNDA:1,(anonymous_0)
DA:1,1
DA:5,1
DA:48,1
LF:3
LH:3
BRF:0
BRH:0
end_of_record
TN:
SF:models\product_units.js
FN:4,(anonymous_0)
FN:94,(anonymous_1)
FNF:2
FNH:1
FNDA:1,(anonymous_0)
FNDA:0,(anonymous_1)
DA:1,1
DA:5,1
DA:95,0
DA:96,0
DA:98,0
DA:99,0
DA:108,1
LF:7
LH:3
BRDA:95,0,0,0
BRDA:95,0,1,0
BRDA:95,1,0,0
BRDA:95,1,1,0
BRDA:98,2,0,0
BRDA:98,2,1,0
BRDA:98,3,0,0
BRDA:98,3,1,0
BRF:8
BRH:0
end_of_record
TN:
SF:models\purchase_order.js
FN:4,(anonymous_0)
FNF:1
FNH:1
FNDA:1,(anonymous_0)
DA:1,1
DA:5,1
DA:88,1
LF:3
LH:3
BRF:0
BRH:0
end_of_record
TN:
SF:models\purchase_order_item.js
FN:4,(anonymous_0)
FNF:1
FNH:1
FNDA:1,(anonymous_0)
DA:1,1
DA:5,1
DA:58,1
LF:3
LH:3
BRF:0
BRH:0
end_of_record
TN:
SF:models\purchase_order_tax.js
FN:4,(anonymous_0)
FNF:1
FNH:1
FNDA:1,(anonymous_0)
DA:1,1
DA:5,1
DA:62,1
LF:3
LH:3
BRF:0
BRH:0
end_of_record
TN:
SF:models\receipt.js
FN:4,(anonymous_0)
FNF:1
FNH:1
FNDA:1,(anonymous_0)
DA:1,1
DA:5,1
DA:38,1
LF:3
LH:3
BRF:0
BRH:0
end_of_record
TN:
SF:models\salesOrder.js
FN:4,(anonymous_0)
FNF:1
FNH:1
FNDA:1,(anonymous_0)
DA:1,1
DA:5,1
DA:81,1
LF:3
LH:3
BRF:0
BRH:0
end_of_record
TN:
SF:models\salesOrderInventory.js
FN:4,(anonymous_0)
FNF:1
FNH:1
FNDA:1,(anonymous_0)
DA:1,1
DA:5,1
DA:67,1
LF:3
LH:3
BRF:0
BRH:0
end_of_record
TN:
SF:models\sales_order_discount.js
FN:4,(anonymous_0)
FNF:1
FNH:1
FNDA:1,(anonymous_0)
DA:1,1
DA:5,1
DA:58,1
LF:3
LH:3
BRF:0
BRH:0
end_of_record
TN:
SF:models\sales_order_tax.js
FN:4,(anonymous_0)
FNF:1
FNH:1
FNDA:1,(anonymous_0)
DA:1,1
DA:5,1
DA:62,1
LF:3
LH:3
BRF:0
BRH:0
end_of_record
TN:
SF:models\shipment.js
FN:4,(anonymous_0)
FNF:1
FNH:1
FNDA:1,(anonymous_0)
DA:1,1
DA:5,1
DA:39,1
LF:3
LH:3
BRF:0
BRH:0
end_of_record
TN:
SF:models\taxes.js
FN:3,(anonymous_0)
FNF:1
FNH:1
FNDA:1,(anonymous_0)
DA:1,1
DA:4,1
DA:58,1
LF:3
LH:3
BRF:0
BRH:0
end_of_record
TN:
SF:models\user.js
FN:4,(anonymous_0)
FNF:1
FNH:1
FNDA:1,(anonymous_0)
DA:1,1
DA:5,1
DA:55,1
LF:3
LH:3
BRF:0
BRH:0
end_of_record
TN:
SF:models\vendor.js
FN:4,(anonymous_0)
FNF:1
FNH:1
FNDA:1,(anonymous_0)
DA:1,1
DA:5,1
DA:65,1
LF:3
LH:3
BRF:0
BRH:0
end_of_record
TN:
SF:models\warranty.js
FN:4,(anonymous_0)
FN:54,(anonymous_1)
FN:60,(anonymous_2)
FNF:3
FNH:1
FNDA:1,(anonymous_0)
FNDA:0,(anonymous_1)
FNDA:0,(anonymous_2)
DA:1,1
DA:5,1
DA:55,0
DA:61,0
DA:138,1
LF:5
LH:3
BRF:0
BRH:0
end_of_record
TN:
SF:models\warrantyConstants.js
FNF:0
FNH:0
DA:1,1
DA:14,1
LF:2
LH:2
BRF:0
BRH:0
end_of_record
TN:
SF:models\warrantyNotification.js
FN:4,(anonymous_0)
FNF:1
FNH:1
FNDA:1,(anonymous_0)
DA:1,1
DA:5,1
DA:58,1
LF:3
LH:3
BRF:0
BRH:0
end_of_record
TN:
SF:models\warranty_claim.js
FN:5,(anonymous_0)
FN:102,(anonymous_1)
FN:106,(anonymous_2)
FN:110,(anonymous_3)
FN:114,(anonymous_4)
FN:119,(anonymous_5)
FNF:6
FNH:1
FNDA:1,(anonymous_0)
FNDA:0,(anonymous_1)
FNDA:0,(anonymous_2)
FNDA:0,(anonymous_3)
FNDA:0,(anonymous_4)
FNDA:0,(anonymous_5)
DA:1,1
DA:2,1
DA:6,1
DA:103,0
DA:107,0
DA:111,0
DA:115,0
DA:120,0
DA:139,1
LF:9
LH:4
BRF:0
BRH:0
end_of_record
TN:
SF:models\warranty_unit.js
FN:4,(anonymous_0)
FNF:1
FNH:1
FNDA:1,(anonymous_0)
DA:1,1
DA:5,1
DA:69,1
LF:3
LH:3
BRF:0
BRH:0
end_of_record
TN:
SF:service\userService.js
FN:22,(anonymous_0)
FN:55,getUserByUsername
FN:64,getUserById
FN:83,getCustomerByUUID
FN:92,getInventoryByUUID
FN:106,storeRefreshToken
FN:116,getUserByRefreshToken
FN:126,(anonymous_7)
FN:159,(anonymous_8)
FN:214,(anonymous_9)
FN:272,(anonymous_10)
FN:317,(anonymous_11)
FN:378,(anonymous_12)
FN:458,(anonymous_13)
FN:482,(anonymous_14)
FN:482,(anonymous_15)
FN:485,(anonymous_16)
FN:486,(anonymous_17)
FN:498,(anonymous_18)
FN:573,(anonymous_19)
FN:631,(anonymous_20)
FN:685,(anonymous_21)
FN:699,(anonymous_22)
FN:715,(anonymous_23)
FN:729,(anonymous_24)
FN:765,(anonymous_25)
FNF:26
FNH:2
FNDA:0,(anonymous_0)
FNDA:0,getUserByUsername
FNDA:0,getUserById
FNDA:0,getCustomerByUUID
FNDA:0,getInventoryByUUID
FNDA:1,storeRefreshToken
FNDA:0,getUserByRefreshToken
FNDA:0,(anonymous_7)
FNDA:4,(anonymous_8)
FNDA:0,(anonymous_9)
FNDA:0,(anonymous_10)
FNDA:0,(anonymous_11)
FNDA:0,(anonymous_12)
FNDA:0,(anonymous_13)
FNDA:0,(anonymous_14)
FNDA:0,(anonymous_15)
FNDA:0,(anonymous_16)
FNDA:0,(anonymous_17)
FNDA:0,(anonymous_18)
FNDA:0,(anonymous_19)
FNDA:0,(anonymous_20)
FNDA:0,(anonymous_21)
FNDA:0,(anonymous_22)
FNDA:0,(anonymous_23)
FNDA:0,(anonymous_24)
FNDA:0,(anonymous_25)
DA:1,1
DA:2,1
DA:3,1
DA:4,1
DA:5,1
DA:6,1
DA:7,1
DA:9,1
DA:10,1
DA:11,1
DA:12,1
DA:13,1
DA:14,1
DA:15,1
DA:17,1
DA:18,1
DA:19,1
DA:20,1
DA:22,1
DA:23,0
DA:40,0
DA:41,0
DA:45,0
DA:52,0
DA:56,0
DA:61,0
DA:65,0
DA:66,0
DA:72,0
DA:73,0
DA:76,0
DA:78,0
DA:79,0
DA:84,0
DA:89,0
DA:93,0
DA:99,0
DA:100,0
DA:102,0
DA:107,1
DA:108,1
DA:109,1
DA:111,0
DA:117,0
DA:118,0
DA:119,0
DA:120,0
DA:122,0
DA:123,0
DA:126,1
DA:127,0
DA:129,0
DA:130,0
DA:132,0
DA:133,0
DA:134,0
DA:154,0
DA:159,1
DA:160,4
DA:163,4
DA:164,4
DA:165,1
DA:169,3
DA:170,1
DA:174,2
DA:183,2
DA:184,1
DA:185,1
DA:187,0
DA:188,0
DA:192,1
DA:193,1
DA:194,1
DA:203,1
DA:204,0
DA:207,1
DA:209,0
DA:210,0
DA:214,1
DA:215,0
DA:217,0
DA:218,0
DA:221,0
DA:228,0
DA:230,0
DA:233,0
DA:234,0
DA:236,0
DA:238,0
DA:241,0
DA:242,0
DA:248,0
DA:254,0
DA:256,0
DA:267,0
DA:268,0
DA:272,1
DA:273,0
DA:274,0
DA:275,0
DA:282,0
DA:283,0
DA:284,0
DA:287,0
DA:288,0
DA:290,0
DA:291,0
DA:292,0
DA:293,0
DA:296,0
DA:302,0
DA:312,0
DA:313,0
DA:317,1
DA:318,0
DA:319,0
DA:320,0
DA:323,0
DA:342,0
DA:344,0
DA:367,0
DA:368,0
DA:371,0
DA:373,0
DA:374,0
DA:378,1
DA:379,0
DA:380,0
DA:381,0
DA:401,0
DA:403,0
DA:426,0
DA:427,0
DA:430,0
DA:431,0
DA:439,0
DA:440,0
DA:443,0
DA:449,0
DA:451,0
DA:452,0
DA:453,0
DA:454,0
DA:458,1
DA:459,0
DA:460,0
DA:461,0
DA:464,0
DA:469,0
DA:470,0
DA:476,0
DA:482,0
DA:483,0
DA:484,0
DA:485,0
DA:486,0
DA:488,0
DA:491,0
DA:492,0
DA:495,0
DA:498,1
DA:499,0
DA:500,0
DA:501,0
DA:510,0
DA:511,0
DA:512,0
DA:513,0
DA:514,0
DA:528,0
DA:529,0
DA:532,0
DA:533,0
DA:535,0
DA:536,0
DA:539,0
DA:540,0
DA:551,0
DA:552,0
DA:553,0
DA:555,0
DA:565,0
DA:566,0
DA:568,0
DA:569,0
DA:573,1
DA:574,0
DA:575,0
DA:576,0
DA:579,0
DA:602,0
DA:603,0
DA:628,0
DA:631,1
DA:632,0
DA:634,0
DA:636,0
DA:637,0
DA:638,0
DA:642,0
DA:649,0
DA:650,0
DA:654,0
DA:660,0
DA:671,0
DA:673,0
DA:680,0
DA:681,0
DA:685,1
DA:686,0
DA:688,0
DA:689,0
DA:691,0
DA:693,0
DA:694,0
DA:696,0
DA:699,1
DA:700,0
DA:701,0
DA:708,0
DA:710,0
DA:711,0
DA:715,1
DA:717,0
DA:721,0
DA:722,0
DA:725,0
DA:727,0
DA:728,0
DA:730,0
DA:751,0
DA:755,0
DA:756,0
DA:759,0
DA:760,0
DA:761,0
DA:765,1
DA:766,0
DA:769,0
DA:773,0
DA:774,0
DA:778,0
DA:788,0
DA:789,0
DA:790,0
DA:792,0
DA:793,0
DA:798,0
DA:806,0
DA:807,0
DA:811,0
DA:816,0
DA:819,1
DA:820,1
DA:821,1
LF:255
LH:54
BRDA:40,0,0,0
BRDA:40,0,1,0
BRDA:72,1,0,0
BRDA:72,1,1,0
BRDA:99,2,0,0
BRDA:99,2,1,0
BRDA:119,3,0,0
BRDA:119,3,1,0
BRDA:129,4,0,0
BRDA:129,4,1,0
BRDA:164,5,0,1
BRDA:164,5,1,3
BRDA:169,6,0,1
BRDA:169,6,1,2
BRDA:169,7,0,3
BRDA:169,7,1,3
BRDA:183,8,0,1
BRDA:183,8,1,1
BRDA:184,9,0,1
BRDA:184,9,1,0
BRDA:187,10,0,0
BRDA:187,10,1,0
BRDA:203,11,0,0
BRDA:203,11,1,1
BRDA:210,12,0,0
BRDA:210,12,1,0
BRDA:217,13,0,0
BRDA:217,13,1,0
BRDA:217,14,0,0
BRDA:217,14,1,0
BRDA:228,15,0,0
BRDA:228,15,1,0
BRDA:236,16,0,0
BRDA:236,16,1,0
BRDA:282,17,0,0
BRDA:282,17,1,0
BRDA:291,18,0,0
BRDA:291,18,1,0
BRDA:319,19,0,0
BRDA:319,19,1,0
BRDA:364,20,0,0
BRDA:364,20,1,0
BRDA:367,21,0,0
BRDA:367,21,1,0
BRDA:374,22,0,0
BRDA:374,22,1,0
BRDA:380,23,0,0
BRDA:380,23,1,0
BRDA:426,24,0,0
BRDA:426,24,1,0
BRDA:439,25,0,0
BRDA:439,25,1,0
BRDA:460,26,0,0
BRDA:460,26,1,0
BRDA:469,27,0,0
BRDA:469,27,1,0
BRDA:491,28,0,0
BRDA:491,28,1,0
BRDA:500,29,0,0
BRDA:500,29,1,0
BRDA:528,30,0,0
BRDA:528,30,1,0
BRDA:535,31,0,0
BRDA:535,31,1,0
BRDA:552,32,0,0
BRDA:552,32,1,0
BRDA:575,33,0,0
BRDA:575,33,1,0
BRDA:602,34,0,0
BRDA:602,34,1,0
BRDA:602,35,0,0
BRDA:602,35,1,0
BRDA:637,36,0,0
BRDA:637,36,1,0
BRDA:649,37,0,0
BRDA:649,37,1,0
BRDA:688,38,0,0
BRDA:688,38,1,0
BRDA:693,39,0,0
BRDA:693,39,1,0
BRDA:721,40,0,0
BRDA:721,40,1,0
BRDA:761,41,0,0
BRDA:761,41,1,0
BRDA:773,42,0,0
BRDA:773,42,1,0
BRDA:788,43,0,0
BRDA:788,43,1,0
BRDA:789,44,0,0
BRDA:789,44,1,0
BRDA:792,45,0,0
BRDA:792,45,1,0
BRDA:806,46,0,0
BRDA:806,46,1,0
BRF:94
BRH:10
end_of_record
