TN:
SF:config\app.config.js
FN:10,(anonymous_0)
FNF:1
FNH:0
FNDA:0,(anonymous_0)
DA:1,1
DA:3,1
DA:10,1
DA:11,0
DA:14,1
DA:38,1
LF:6
LH:5
BRF:0
BRH:0
end_of_record
TN:
SF:config\db-config.js
FN:33,(anonymous_0)
FN:36,(anonymous_1)
FNF:2
FNH:0
FNDA:0,(anonymous_0)
FNDA:0,(anonymous_1)
DA:1,1
DA:2,1
DA:5,1
DA:6,1
DA:9,1
DA:31,1
DA:34,0
DA:37,0
DA:40,1
LF:9
LH:7
BRDA:5,0,0,1
BRDA:5,0,1,0
BRF:2
BRH:1
end_of_record
TN:
SF:config\env.js
FNF:0
FNH:0
DA:1,1
DA:2,1
DA:3,1
DA:5,1
LF:4
LH:4
BRF:0
BRH:0
end_of_record
TN:
SF:config\env.template.js
FNF:0
FNH:0
DA:1,0
DA:2,0
DA:3,0
DA:5,0
LF:4
LH:0
BRF:0
BRH:0
end_of_record
TN:
SF:errors\appointmentError.js
FN:2,(anonymous_0)
FNF:1
FNH:0
FNDA:0,(anonymous_0)
DA:3,0
DA:4,0
DA:5,0
DA:6,0
DA:10,0
LF:5
LH:0
BRF:0
BRH:0
end_of_record
TN:
SF:errors\discountError.js
FN:2,(anonymous_0)
FNF:1
FNH:0
FNDA:0,(anonymous_0)
DA:3,0
DA:4,0
DA:5,0
DA:6,0
DA:10,0
LF:5
LH:0
BRF:0
BRH:0
end_of_record
TN:
SF:errors\inventoryError.js
FN:2,(anonymous_0)
FNF:1
FNH:0
FNDA:0,(anonymous_0)
DA:3,0
DA:4,0
DA:5,0
DA:6,0
DA:10,0
LF:5
LH:0
BRF:0
BRH:0
end_of_record
TN:
SF:errors\notFoundException.js
FN:2,(anonymous_0)
FN:11,(anonymous_1)
FN:18,(anonymous_2)
FN:25,(anonymous_3)
FN:32,(anonymous_4)
FN:47,(anonymous_5)
FN:53,(anonymous_6)
FN:61,(anonymous_7)
FN:69,(anonymous_8)
FNF:9
FNH:2
FNDA:1,(anonymous_0)
FNDA:0,(anonymous_1)
FNDA:0,(anonymous_2)
FNDA:0,(anonymous_3)
FNDA:1,(anonymous_4)
FNDA:0,(anonymous_5)
FNDA:0,(anonymous_6)
FNDA:0,(anonymous_7)
FNDA:0,(anonymous_8)
DA:3,1
DA:4,1
DA:5,1
DA:6,1
DA:12,0
DA:13,0
DA:19,0
DA:20,0
DA:26,0
DA:27,0
DA:33,1
DA:34,0
DA:36,1
DA:38,1
DA:44,1
DA:45,1
DA:48,0
DA:54,0
DA:55,0
DA:62,0
DA:63,0
DA:64,0
DA:70,0
DA:71,0
DA:72,0
DA:76,1
LF:26
LH:10
BRDA:33,0,0,0
BRDA:33,0,1,1
BRF:2
BRH:1
end_of_record
TN:
SF:errors\operationError.js
FN:2,(anonymous_0)
FN:10,(anonymous_1)
FNF:2
FNH:0
FNDA:0,(anonymous_0)
FNDA:0,(anonymous_1)
DA:3,0
DA:4,0
DA:5,0
DA:11,0
DA:12,0
DA:13,0
DA:14,0
DA:18,1
LF:8
LH:1
BRF:0
BRH:0
end_of_record
TN:
SF:errors\salesError.js
FN:2,(anonymous_0)
FN:10,(anonymous_1)
FN:17,(anonymous_2)
FN:24,(anonymous_3)
FNF:4
FNH:0
FNDA:0,(anonymous_0)
FNDA:0,(anonymous_1)
FNDA:0,(anonymous_2)
FNDA:0,(anonymous_3)
DA:3,0
DA:4,0
DA:5,0
DA:6,0
DA:11,0
DA:12,0
DA:18,0
DA:19,0
DA:25,0
DA:26,0
DA:30,0
LF:11
LH:0
BRDA:10,0,0,0
BRDA:24,1,0,0
BRF:2
BRH:0
end_of_record
TN:
SF:errors\taxError.js
FN:2,(anonymous_0)
FNF:1
FNH:0
FNDA:0,(anonymous_0)
DA:3,0
DA:4,0
DA:5,0
DA:6,0
DA:10,0
LF:5
LH:0
BRF:0
BRH:0
end_of_record
TN:
SF:errors\validationError.js
FN:2,(anonymous_0)
FNF:1
FNH:1
FNDA:1,(anonymous_0)
DA:3,1
DA:4,1
DA:5,1
DA:9,1
LF:4
LH:4
BRF:0
BRH:0
end_of_record
TN:
SF:errors\warrantyError.js
FN:2,(anonymous_0)
FNF:1
FNH:0
FNDA:0,(anonymous_0)
DA:3,0
DA:4,0
DA:5,0
DA:6,0
DA:10,0
LF:5
LH:0
BRF:0
BRH:0
end_of_record
TN:
SF:models\appointment.js
FN:4,(anonymous_0)
FNF:1
FNH:0
FNDA:0,(anonymous_0)
DA:1,0
DA:5,0
DA:79,0
LF:3
LH:0
BRF:0
BRH:0
end_of_record
TN:
SF:models\association.js
FN:1,(anonymous_0)
FN:30,(anonymous_1)
FNF:2
FNH:0
FNDA:0,(anonymous_0)
FNDA:0,(anonymous_1)
DA:1,0
DA:2,0
DA:28,0
DA:30,0
DA:33,0
DA:34,0
DA:35,0
DA:36,0
DA:38,0
DA:42,0
DA:47,0
DA:52,0
DA:56,0
DA:58,0
DA:59,0
DA:60,0
DA:62,0
DA:66,0
DA:70,0
DA:72,0
DA:76,0
DA:80,0
DA:82,0
DA:87,0
DA:91,0
DA:94,0
DA:95,0
DA:100,0
DA:105,0
DA:107,0
DA:108,0
DA:109,0
DA:111,0
DA:112,0
DA:113,0
DA:115,0
DA:116,0
DA:117,0
DA:120,0
DA:123,0
DA:126,0
DA:128,0
DA:131,0
DA:134,0
DA:136,0
DA:139,0
DA:141,0
DA:144,0
DA:146,0
DA:149,0
DA:152,0
DA:156,0
DA:169,0
DA:170,0
DA:171,0
DA:173,0
DA:178,0
DA:182,0
DA:185,0
DA:189,0
DA:194,0
DA:201,0
DA:206,0
DA:211,0
DA:215,0
DA:219,0
DA:222,0
DA:223,0
DA:224,0
DA:225,0
DA:227,0
DA:232,0
DA:236,0
DA:239,0
DA:240,0
DA:241,0
DA:242,0
DA:244,0
DA:245,0
DA:246,0
DA:249,0
DA:250,0
DA:251,0
DA:252,0
DA:254,0
DA:255,0
DA:256,0
DA:259,0
DA:260,0
DA:261,0
DA:262,0
DA:264,0
DA:265,0
DA:266,0
DA:268,0
DA:273,0
DA:277,0
DA:280,0
DA:281,0
DA:282,0
DA:283,0
DA:285,0
DA:286,0
DA:287,0
DA:289,0
DA:291,0
DA:292,0
DA:294,0
DA:295,0
DA:297,0
DA:302,0
DA:307,0
DA:310,0
DA:315,0
DA:320,0
DA:322,0
DA:323,0
DA:324,0
DA:325,0
DA:326,0
DA:327,0
DA:328,0
DA:329,0
DA:330,0
DA:331,0
DA:332,0
DA:333,0
DA:334,0
DA:335,0
DA:336,0
DA:337,0
DA:338,0
DA:340,0
DA:342,0
LF:134
LH:0
BRDA:30,0,0,0
BRDA:30,0,1,0
BRF:2
BRH:0
end_of_record
TN:
SF:models\customer.js
FN:4,(anonymous_0)
FNF:1
FNH:0
FNDA:0,(anonymous_0)
DA:1,0
DA:5,0
DA:73,0
LF:3
LH:0
BRF:0
BRH:0
end_of_record
TN:
SF:models\discount.js
FN:4,(anonymous_0)
FNF:1
FNH:0
FNDA:0,(anonymous_0)
DA:1,0
DA:5,0
DA:68,0
LF:3
LH:0
BRF:0
BRH:0
end_of_record
TN:
SF:models\index.js
FN:14,(anonymous_0)
FN:23,(anonymous_1)
FN:35,(anonymous_2)
FN:48,(anonymous_3)
FN:51,(anonymous_4)
FNF:5
FNH:0
FNDA:0,(anonymous_0)
FNDA:0,(anonymous_1)
FNDA:0,(anonymous_2)
FNDA:0,(anonymous_3)
FNDA:0,(anonymous_4)
DA:1,0
DA:2,0
DA:3,0
DA:4,0
DA:5,0
DA:6,0
DA:7,0
DA:8,0
DA:9,0
DA:11,0
DA:13,0
DA:15,0
DA:24,0
DA:25,0
DA:26,0
DA:27,0
DA:28,0
DA:29,0
DA:30,0
DA:34,0
DA:35,0
DA:36,0
DA:40,0
DA:42,0
DA:43,0
DA:46,0
DA:49,0
DA:52,0
DA:55,0
LF:29
LH:0
BRDA:5,0,0,0
BRDA:5,0,1,0
BRDA:16,1,0,0
BRDA:16,1,1,0
BRDA:16,1,2,0
BRDA:16,1,3,0
BRDA:16,1,4,0
BRDA:26,2,0,0
BRDA:26,2,1,0
BRF:9
BRH:0
end_of_record
TN:
SF:models\inventory.js
FN:4,(anonymous_0)
FN:34,(anonymous_1)
FNF:2
FNH:0
FNDA:0,(anonymous_0)
FNDA:0,(anonymous_1)
DA:1,0
DA:5,0
DA:35,0
DA:36,0
DA:117,0
LF:5
LH:0
BRDA:35,0,0,0
BRDA:35,0,1,0
BRDA:35,1,0,0
BRDA:35,1,1,0
BRF:4
BRH:0
end_of_record
TN:
SF:models\invoice.js
FN:4,(anonymous_0)
FNF:1
FNH:0
FNDA:0,(anonymous_0)
DA:1,0
DA:5,0
DA:42,0
LF:3
LH:0
BRF:0
BRH:0
end_of_record
TN:
SF:models\organization.js
FN:4,(anonymous_0)
FNF:1
FNH:0
FNDA:0,(anonymous_0)
DA:1,0
DA:5,0
DA:67,0
LF:3
LH:0
BRF:0
BRH:0
end_of_record
TN:
SF:models\productAlias.js
FN:4,(anonymous_0)
FNF:1
FNH:0
FNDA:0,(anonymous_0)
DA:1,0
DA:5,0
DA:48,0
LF:3
LH:0
BRF:0
BRH:0
end_of_record
TN:
SF:models\product_unit_log.js
FN:4,(anonymous_0)
FNF:1
FNH:0
FNDA:0,(anonymous_0)
DA:1,0
DA:5,0
DA:44,0
LF:3
LH:0
BRF:0
BRH:0
end_of_record
TN:
SF:models\product_unit_return.js
FN:4,(anonymous_0)
FNF:1
FNH:0
FNDA:0,(anonymous_0)
DA:1,0
DA:5,0
DA:50,0
LF:3
LH:0
BRF:0
BRH:0
end_of_record
TN:
SF:models\product_units.js
FN:4,(anonymous_0)
FN:94,(anonymous_1)
FNF:2
FNH:0
FNDA:0,(anonymous_0)
FNDA:0,(anonymous_1)
DA:1,0
DA:5,0
DA:95,0
DA:96,0
DA:98,0
DA:99,0
DA:108,0
LF:7
LH:0
BRDA:95,0,0,0
BRDA:95,0,1,0
BRDA:95,1,0,0
BRDA:95,1,1,0
BRDA:98,2,0,0
BRDA:98,2,1,0
BRDA:98,3,0,0
BRDA:98,3,1,0
BRF:8
BRH:0
end_of_record
TN:
SF:models\purchase_order.js
FN:4,(anonymous_0)
FNF:1
FNH:0
FNDA:0,(anonymous_0)
DA:1,0
DA:5,0
DA:88,0
LF:3
LH:0
BRF:0
BRH:0
end_of_record
TN:
SF:models\purchase_order_item.js
FN:4,(anonymous_0)
FNF:1
FNH:0
FNDA:0,(anonymous_0)
DA:1,0
DA:5,0
DA:58,0
LF:3
LH:0
BRF:0
BRH:0
end_of_record
TN:
SF:models\purchase_order_tax.js
FN:4,(anonymous_0)
FNF:1
FNH:0
FNDA:0,(anonymous_0)
DA:1,0
DA:5,0
DA:62,0
LF:3
LH:0
BRF:0
BRH:0
end_of_record
TN:
SF:models\receipt.js
FN:4,(anonymous_0)
FNF:1
FNH:0
FNDA:0,(anonymous_0)
DA:1,0
DA:5,0
DA:38,0
LF:3
LH:0
BRF:0
BRH:0
end_of_record
TN:
SF:models\return_record.js
FN:4,(anonymous_0)
FNF:1
FNH:0
FNDA:0,(anonymous_0)
DA:1,0
DA:5,0
DA:73,0
LF:3
LH:0
BRF:0
BRH:0
end_of_record
TN:
SF:models\salesOrder.js
FN:4,(anonymous_0)
FNF:1
FNH:0
FNDA:0,(anonymous_0)
DA:1,0
DA:5,0
DA:94,0
LF:3
LH:0
BRF:0
BRH:0
end_of_record
TN:
SF:models\salesOrderInventory.js
FN:4,(anonymous_0)
FNF:1
FNH:0
FNDA:0,(anonymous_0)
DA:1,0
DA:5,0
DA:67,0
LF:3
LH:0
BRF:0
BRH:0
end_of_record
TN:
SF:models\sales_order_discount.js
FN:4,(anonymous_0)
FNF:1
FNH:0
FNDA:0,(anonymous_0)
DA:1,0
DA:5,0
DA:58,0
LF:3
LH:0
BRF:0
BRH:0
end_of_record
TN:
SF:models\sales_order_tax.js
FN:4,(anonymous_0)
FNF:1
FNH:0
FNDA:0,(anonymous_0)
DA:1,0
DA:5,0
DA:62,0
LF:3
LH:0
BRF:0
BRH:0
end_of_record
TN:
SF:models\shipment.js
FN:4,(anonymous_0)
FNF:1
FNH:0
FNDA:0,(anonymous_0)
DA:1,0
DA:5,0
DA:39,0
LF:3
LH:0
BRF:0
BRH:0
end_of_record
TN:
SF:models\taxes.js
FN:3,(anonymous_0)
FNF:1
FNH:0
FNDA:0,(anonymous_0)
DA:1,0
DA:4,0
DA:58,0
LF:3
LH:0
BRF:0
BRH:0
end_of_record
TN:
SF:models\user.js
FN:4,(anonymous_0)
FNF:1
FNH:0
FNDA:0,(anonymous_0)
DA:1,0
DA:5,0
DA:55,0
LF:3
LH:0
BRF:0
BRH:0
end_of_record
TN:
SF:models\vendor.js
FN:4,(anonymous_0)
FNF:1
FNH:0
FNDA:0,(anonymous_0)
DA:1,0
DA:5,0
DA:65,0
LF:3
LH:0
BRF:0
BRH:0
end_of_record
TN:
SF:models\warranty.js
FN:4,(anonymous_0)
FN:54,(anonymous_1)
FN:60,(anonymous_2)
FNF:3
FNH:0
FNDA:0,(anonymous_0)
FNDA:0,(anonymous_1)
FNDA:0,(anonymous_2)
DA:1,0
DA:5,0
DA:55,0
DA:61,0
DA:138,0
LF:5
LH:0
BRF:0
BRH:0
end_of_record
TN:
SF:models\warrantyConstants.js
FNF:0
FNH:0
DA:1,0
DA:14,0
LF:2
LH:0
BRF:0
BRH:0
end_of_record
TN:
SF:models\warrantyNotification.js
FN:4,(anonymous_0)
FNF:1
FNH:0
FNDA:0,(anonymous_0)
DA:1,0
DA:5,0
DA:58,0
LF:3
LH:0
BRF:0
BRH:0
end_of_record
TN:
SF:models\warranty_claim.js
FN:5,(anonymous_0)
FN:118,(anonymous_1)
FN:122,(anonymous_2)
FN:126,(anonymous_3)
FN:130,(anonymous_4)
FN:135,(anonymous_5)
FNF:6
FNH:0
FNDA:0,(anonymous_0)
FNDA:0,(anonymous_1)
FNDA:0,(anonymous_2)
FNDA:0,(anonymous_3)
FNDA:0,(anonymous_4)
FNDA:0,(anonymous_5)
DA:1,0
DA:2,0
DA:6,0
DA:119,0
DA:123,0
DA:127,0
DA:131,0
DA:136,0
DA:155,0
LF:9
LH:0
BRF:0
BRH:0
end_of_record
TN:
SF:models\warranty_unit.js
FN:4,(anonymous_0)
FNF:1
FNH:0
FNDA:0,(anonymous_0)
DA:1,0
DA:5,0
DA:69,0
LF:3
LH:0
BRF:0
BRH:0
end_of_record
TN:
SF:service\appointmentService.js
FN:10,(anonymous_0)
FN:20,(anonymous_1)
FN:58,(anonymous_2)
FN:92,(anonymous_3)
FN:152,(anonymous_4)
FN:191,(anonymous_5)
FNF:6
FNH:0
FNDA:0,(anonymous_0)
FNDA:0,(anonymous_1)
FNDA:0,(anonymous_2)
FNDA:0,(anonymous_3)
FNDA:0,(anonymous_4)
FNDA:0,(anonymous_5)
DA:1,0
DA:2,0
DA:3,0
DA:4,0
DA:5,0
DA:6,0
DA:7,0
DA:8,0
DA:9,0
DA:10,0
DA:11,0
DA:17,0
DA:20,0
DA:21,0
DA:23,0
DA:24,0
DA:27,0
DA:28,0
DA:29,0
DA:30,0
DA:49,0
DA:54,0
DA:58,0
DA:66,0
DA:67,0
DA:71,0
DA:72,0
DA:73,0
DA:83,0
DA:84,0
DA:85,0
DA:87,0
DA:88,0
DA:92,0
DA:97,0
DA:99,0
DA:100,0
DA:105,0
DA:106,0
DA:109,0
DA:145,0
DA:147,0
DA:148,0
DA:152,0
DA:160,0
DA:162,0
DA:163,0
DA:180,0
DA:181,0
DA:184,0
DA:186,0
DA:187,0
DA:191,0
DA:192,0
DA:193,0
DA:199,0
DA:200,0
DA:202,0
DA:204,0
LF:59
LH:0
BRDA:23,0,0,0
BRDA:23,0,1,0
BRDA:105,1,0,0
BRDA:105,1,1,0
BRDA:180,2,0,0
BRDA:180,2,1,0
BRDA:199,3,0,0
BRDA:199,3,1,0
BRF:8
BRH:0
end_of_record
TN:
SF:service\discountService.js
FN:6,(anonymous_0)
FN:41,(anonymous_1)
FN:80,(anonymous_2)
FN:89,(anonymous_3)
FN:113,(anonymous_4)
FNF:5
FNH:0
FNDA:0,(anonymous_0)
FNDA:0,(anonymous_1)
FNDA:0,(anonymous_2)
FNDA:0,(anonymous_3)
FNDA:0,(anonymous_4)
DA:1,0
DA:2,0
DA:3,0
DA:7,0
DA:8,0
DA:9,0
DA:12,0
DA:13,0
DA:16,0
DA:20,0
DA:21,0
DA:24,0
DA:32,0
DA:34,0
DA:35,0
DA:37,0
DA:42,0
DA:43,0
DA:47,0
DA:48,0
DA:51,0
DA:52,0
DA:57,0
DA:58,0
DA:67,0
DA:80,0
DA:82,0
DA:83,0
DA:85,0
DA:90,0
DA:91,0
DA:93,0
DA:94,0
DA:97,0
DA:98,0
DA:101,0
DA:102,0
DA:104,0
DA:106,0
DA:107,0
DA:109,0
DA:114,0
DA:115,0
DA:118,0
DA:119,0
DA:123,0
DA:124,0
DA:126,0
DA:127,0
DA:129,0
DA:134,0
LF:51
LH:0
BRDA:8,0,0,0
BRDA:8,0,1,0
BRDA:12,1,0,0
BRDA:12,1,1,0
BRDA:20,2,0,0
BRDA:20,2,1,0
BRDA:34,3,0,0
BRDA:34,3,1,0
BRDA:41,4,0,0
BRDA:47,5,0,0
BRDA:47,5,1,0
BRDA:57,6,0,0
BRDA:57,6,1,0
BRDA:82,7,0,0
BRDA:82,7,1,0
BRDA:93,8,0,0
BRDA:93,8,1,0
BRDA:97,9,0,0
BRDA:97,9,1,0
BRDA:97,10,0,0
BRDA:97,10,1,0
BRDA:106,11,0,0
BRDA:106,11,1,0
BRDA:118,12,0,0
BRDA:118,12,1,0
BRDA:118,13,0,0
BRDA:118,13,1,0
BRDA:126,14,0,0
BRDA:126,14,1,0
BRF:29
BRH:0
end_of_record
TN:
SF:service\inventoryAnalyticsService.js
FN:6,(anonymous_0)
FN:48,(anonymous_1)
FN:49,(anonymous_2)
FN:66,(anonymous_3)
FN:80,(anonymous_4)
FN:81,(anonymous_5)
FN:84,(anonymous_6)
FN:85,(anonymous_7)
FN:85,(anonymous_8)
FN:87,(anonymous_9)
FN:114,(anonymous_10)
FN:115,(anonymous_11)
FN:116,(anonymous_12)
FN:117,(anonymous_13)
FN:118,(anonymous_14)
FN:136,(anonymous_15)
FN:143,(anonymous_16)
FN:147,(anonymous_17)
FN:151,(anonymous_18)
FN:166,(anonymous_19)
FN:168,(anonymous_20)
FN:169,(anonymous_21)
FN:173,(anonymous_22)
FN:186,(anonymous_23)
FN:187,(anonymous_24)
FN:201,(anonymous_25)
FN:204,(anonymous_26)
FN:206,(anonymous_27)
FN:208,(anonymous_28)
FN:215,(anonymous_29)
FN:217,(anonymous_30)
FN:224,(anonymous_31)
FN:225,(anonymous_32)
FN:226,(anonymous_33)
FNF:34
FNH:0
FNDA:0,(anonymous_0)
FNDA:0,(anonymous_1)
FNDA:0,(anonymous_2)
FNDA:0,(anonymous_3)
FNDA:0,(anonymous_4)
FNDA:0,(anonymous_5)
FNDA:0,(anonymous_6)
FNDA:0,(anonymous_7)
FNDA:0,(anonymous_8)
FNDA:0,(anonymous_9)
FNDA:0,(anonymous_10)
FNDA:0,(anonymous_11)
FNDA:0,(anonymous_12)
FNDA:0,(anonymous_13)
FNDA:0,(anonymous_14)
FNDA:0,(anonymous_15)
FNDA:0,(anonymous_16)
FNDA:0,(anonymous_17)
FNDA:0,(anonymous_18)
FNDA:0,(anonymous_19)
FNDA:0,(anonymous_20)
FNDA:0,(anonymous_21)
FNDA:0,(anonymous_22)
FNDA:0,(anonymous_23)
FNDA:0,(anonymous_24)
FNDA:0,(anonymous_25)
FNDA:0,(anonymous_26)
FNDA:0,(anonymous_27)
FNDA:0,(anonymous_28)
FNDA:0,(anonymous_29)
FNDA:0,(anonymous_30)
FNDA:0,(anonymous_31)
FNDA:0,(anonymous_32)
FNDA:0,(anonymous_33)
DA:1,0
DA:2,0
DA:3,0
DA:7,0
DA:8,0
DA:11,0
DA:12,0
DA:13,0
DA:15,0
DA:17,0
DA:48,0
DA:49,0
DA:50,0
DA:51,0
DA:58,0
DA:59,0
DA:60,0
DA:62,0
DA:66,0
DA:79,0
DA:80,0
DA:81,0
DA:84,0
DA:85,0
DA:87,0
DA:91,0
DA:93,0
DA:104,0
DA:110,0
DA:115,0
DA:116,0
DA:117,0
DA:118,0
DA:120,0
DA:137,0
DA:138,0
DA:139,0
DA:140,0
DA:144,0
DA:145,0
DA:147,0
DA:148,0
DA:149,0
DA:151,0
DA:152,0
DA:153,0
DA:159,0
DA:163,0
DA:167,0
DA:168,0
DA:169,0
DA:170,0
DA:174,0
DA:175,0
DA:176,0
DA:178,0
DA:187,0
DA:188,0
DA:189,0
DA:190,0
DA:196,0
DA:197,0
DA:198,0
DA:201,0
DA:205,0
DA:207,0
DA:208,0
DA:215,0
DA:217,0
DA:224,0
DA:225,0
DA:226,0
DA:232,0
LF:73
LH:0
BRDA:6,0,0,0
BRDA:7,1,0,0
BRDA:7,1,1,0
BRDA:50,2,0,0
BRDA:50,2,1,0
BRDA:76,3,0,0
BRDA:76,3,1,0
BRDA:117,4,0,0
BRDA:117,4,1,0
BRDA:118,5,0,0
BRDA:118,5,1,0
BRDA:130,6,0,0
BRDA:130,6,1,0
BRDA:167,7,0,0
BRDA:167,7,1,0
BRDA:189,8,0,0
BRDA:189,8,1,0
BRF:17
BRH:0
end_of_record
TN:
SF:service\invoiceGenerator.js
FN:10,(anonymous_0)
FN:14,(anonymous_1)
FN:42,(anonymous_2)
FN:73,(anonymous_3)
FN:78,(anonymous_4)
FN:82,(anonymous_5)
FN:112,(anonymous_6)
FN:139,(anonymous_7)
FN:147,(anonymous_8)
FNF:9
FNH:0
FNDA:0,(anonymous_0)
FNDA:0,(anonymous_1)
FNDA:0,(anonymous_2)
FNDA:0,(anonymous_3)
FNDA:0,(anonymous_4)
FNDA:0,(anonymous_5)
FNDA:0,(anonymous_6)
FNDA:0,(anonymous_7)
FNDA:0,(anonymous_8)
DA:2,0
DA:3,0
DA:4,0
DA:5,0
DA:6,0
DA:7,0
DA:11,0
DA:15,0
DA:17,0
DA:18,0
DA:42,0
DA:58,0
DA:61,0
DA:64,0
DA:66,0
DA:68,0
DA:69,0
DA:74,0
DA:75,0
DA:79,0
DA:84,0
DA:85,0
DA:96,0
DA:99,0
DA:106,0
DA:112,0
DA:115,0
DA:128,0
DA:130,0
DA:131,0
DA:133,0
DA:134,0
DA:140,0
DA:148,0
DA:155,0
LF:35
LH:0
BRDA:47,0,0,0
BRDA:47,0,1,0
BRDA:133,1,0,0
BRDA:133,1,1,0
BRF:4
BRH:0
end_of_record
TN:
SF:service\organizationService.js
FN:7,(anonymous_0)
FN:25,(anonymous_1)
FNF:2
FNH:0
FNDA:0,(anonymous_0)
FNDA:0,(anonymous_1)
DA:1,1
DA:5,1
DA:7,1
DA:8,0
DA:9,0
DA:17,0
DA:20,0
DA:21,0
DA:25,1
DA:26,0
DA:27,0
DA:42,0
DA:45,0
DA:46,0
LF:14
LH:4
BRDA:42,0,0,0
BRDA:42,0,1,0
BRF:2
BRH:0
end_of_record
TN:
SF:service\productMatcher.js
FNF:0
FNH:0
LF:0
LH:0
BRF:0
BRH:0
end_of_record
TN:
SF:service\productService.js
FN:25,(anonymous_0)
FN:29,(anonymous_1)
FN:45,(anonymous_2)
FN:68,(anonymous_3)
FN:71,(anonymous_4)
FN:75,(anonymous_5)
FN:146,(anonymous_6)
FN:150,(anonymous_7)
FN:169,(anonymous_8)
FN:185,(anonymous_9)
FN:209,(anonymous_10)
FN:219,(anonymous_11)
FN:246,(anonymous_12)
FN:253,(anonymous_13)
FN:308,(anonymous_14)
FN:389,(anonymous_15)
FN:421,(anonymous_16)
FN:429,(anonymous_17)
FNF:18
FNH:13
FNDA:2,(anonymous_0)
FNDA:2,(anonymous_1)
FNDA:2,(anonymous_2)
FNDA:2,(anonymous_3)
FNDA:1,(anonymous_4)
FNDA:1,(anonymous_5)
FNDA:2,(anonymous_6)
FNDA:2,(anonymous_7)
FNDA:2,(anonymous_8)
FNDA:3,(anonymous_9)
FNDA:3,(anonymous_10)
FNDA:0,(anonymous_11)
FNDA:0,(anonymous_12)
FNDA:0,(anonymous_13)
FNDA:3,(anonymous_14)
FNDA:0,(anonymous_15)
FNDA:0,(anonymous_16)
FNDA:1,(anonymous_17)
DA:1,1
DA:13,1
DA:14,1
DA:15,1
DA:16,1
DA:17,1
DA:18,1
DA:19,1
DA:20,1
DA:21,1
DA:22,1
DA:24,1
DA:26,2
DA:27,2
DA:28,2
DA:30,2
DA:33,2
DA:38,2
DA:40,2
DA:41,0
DA:44,2
DA:46,2
DA:53,2
DA:54,1
DA:60,1
DA:68,2
DA:69,2
DA:70,1
DA:71,1
DA:74,1
DA:76,1
DA:77,1
DA:88,1
DA:89,1
DA:90,1
DA:91,1
DA:95,1
DA:107,1
DA:113,1
DA:119,0
DA:129,1
DA:130,1
DA:132,1
DA:133,1
DA:135,1
DA:136,0
DA:138,1
DA:139,1
DA:142,0
DA:147,2
DA:148,2
DA:149,2
DA:151,2
DA:154,2
DA:158,2
DA:159,2
DA:160,1
DA:170,2
DA:171,2
DA:179,2
DA:181,0
DA:186,3
DA:187,3
DA:188,1
DA:191,2
DA:198,2
DA:199,1
DA:202,1
DA:204,2
DA:205,2
DA:210,3
DA:216,3
DA:220,0
DA:222,0
DA:223,0
DA:224,0
DA:225,0
DA:228,0
DA:229,0
DA:232,0
DA:233,0
DA:234,0
DA:237,0
DA:244,0
DA:245,0
DA:246,0
DA:250,0
DA:252,0
DA:254,0
DA:263,0
DA:264,0
DA:265,0
DA:266,0
DA:270,0
DA:271,0
DA:274,0
DA:276,0
DA:277,0
DA:285,0
DA:289,0
DA:295,0
DA:296,0
DA:298,0
DA:299,0
DA:301,0
DA:302,0
DA:304,0
DA:309,3
DA:310,3
DA:311,3
DA:312,1
DA:314,2
DA:318,2
DA:319,1
DA:329,2
DA:370,2
DA:371,2
DA:372,2
DA:374,2
DA:386,2
DA:390,0
DA:391,0
DA:416,0
DA:417,0
DA:421,0
DA:423,0
DA:425,0
DA:430,1
DA:431,1
DA:433,1
DA:458,1
DA:459,1
DA:463,1
LF:133
LH:86
BRDA:40,0,0,0
BRDA:40,0,1,2
BRDA:53,1,0,1
BRDA:53,1,1,1
BRDA:69,2,0,1
BRDA:69,2,1,1
BRDA:79,3,0,1
BRDA:79,3,1,0
BRDA:88,4,0,1
BRDA:88,4,1,0
BRDA:135,5,0,0
BRDA:135,5,1,1
BRDA:138,6,0,1
BRDA:138,6,1,0
BRDA:159,7,0,1
BRDA:159,7,1,1
BRDA:187,8,0,1
BRDA:187,8,1,2
BRDA:198,9,0,1
BRDA:198,9,1,1
BRDA:224,10,0,0
BRDA:224,10,1,0
BRDA:228,11,0,0
BRDA:228,11,1,0
BRDA:228,12,0,0
BRDA:228,12,1,0
BRDA:233,13,0,0
BRDA:233,13,1,0
BRDA:244,14,0,0
BRDA:244,14,1,0
BRDA:263,15,0,0
BRDA:263,15,1,0
BRDA:276,16,0,0
BRDA:276,16,1,0
BRDA:301,17,0,0
BRDA:301,17,1,0
BRDA:301,18,0,0
BRDA:301,18,1,0
BRDA:311,19,0,1
BRDA:311,19,1,2
BRDA:318,20,0,1
BRDA:318,20,1,1
BRDA:416,21,0,0
BRDA:416,21,1,0
BRDA:416,22,0,0
BRDA:416,22,1,0
BRF:46
BRH:19
end_of_record
TN:
SF:service\purchaseService.js
FN:13,getUserByUsername
FN:22,getVendorByVendorUuid
FN:31,getGenericVendor
FN:46,getInventoryByUUID
FN:56,(anonymous_4)
FN:66,verifyManagerPassword
FN:88,(anonymous_6)
FN:142,(anonymous_7)
FN:144,(anonymous_8)
FN:169,(anonymous_9)
FN:262,(anonymous_10)
FN:363,(anonymous_11)
FN:414,(anonymous_12)
FN:443,(anonymous_13)
FN:490,(anonymous_14)
FN:544,(anonymous_15)
FN:644,(anonymous_16)
FNF:17
FNH:0
FNDA:0,getUserByUsername
FNDA:0,getVendorByVendorUuid
FNDA:0,getGenericVendor
FNDA:0,getInventoryByUUID
FNDA:0,(anonymous_4)
FNDA:0,verifyManagerPassword
FNDA:0,(anonymous_6)
FNDA:0,(anonymous_7)
FNDA:0,(anonymous_8)
FNDA:0,(anonymous_9)
FNDA:0,(anonymous_10)
FNDA:0,(anonymous_11)
FNDA:0,(anonymous_12)
FNDA:0,(anonymous_13)
FNDA:0,(anonymous_14)
FNDA:0,(anonymous_15)
FNDA:0,(anonymous_16)
DA:9,0
DA:10,0
DA:11,0
DA:14,0
DA:19,0
DA:23,0
DA:28,0
DA:32,0
DA:39,0
DA:40,0
DA:43,0
DA:47,0
DA:53,0
DA:56,0
DA:57,0
DA:63,0
DA:67,0
DA:68,0
DA:75,0
DA:76,0
DA:77,0
DA:78,0
DA:81,0
DA:83,0
DA:84,0
DA:88,0
DA:89,0
DA:90,0
DA:91,0
DA:96,0
DA:97,0
DA:100,0
DA:137,0
DA:138,0
DA:139,0
DA:141,0
DA:142,0
DA:144,0
DA:151,0
DA:164,0
DA:165,0
DA:169,0
DA:170,0
DA:172,0
DA:173,0
DA:176,0
DA:177,0
DA:180,0
DA:181,0
DA:182,0
DA:185,0
DA:186,0
DA:187,0
DA:191,0
DA:192,0
DA:194,0
DA:195,0
DA:196,0
DA:199,0
DA:202,0
DA:216,0
DA:219,0
DA:220,0
DA:221,0
DA:222,0
DA:226,0
DA:235,0
DA:236,0
DA:238,0
DA:251,0
DA:252,0
DA:253,0
DA:256,0
DA:257,0
DA:258,0
DA:262,0
DA:263,0
DA:265,0
DA:266,0
DA:269,0
DA:270,0
DA:274,0
DA:275,0
DA:276,0
DA:280,0
DA:281,0
DA:282,0
DA:286,0
DA:299,0
DA:302,0
DA:303,0
DA:304,0
DA:311,0
DA:312,0
DA:316,0
DA:327,0
DA:328,0
DA:331,0
DA:350,0
DA:357,0
DA:358,0
DA:359,0
DA:363,0
DA:364,0
DA:366,0
DA:367,0
DA:368,0
DA:369,0
DA:373,0
DA:385,0
DA:386,0
DA:390,0
DA:391,0
DA:400,0
DA:405,0
DA:406,0
DA:409,0
DA:410,0
DA:414,0
DA:415,0
DA:417,0
DA:418,0
DA:426,0
DA:427,0
DA:430,0
DA:434,0
DA:435,0
DA:438,0
DA:439,0
DA:443,0
DA:444,0
DA:445,0
DA:446,0
DA:449,0
DA:483,0
DA:484,0
DA:487,0
DA:490,0
DA:491,0
DA:493,0
DA:494,0
DA:510,0
DA:511,0
DA:515,0
DA:522,0
DA:523,0
DA:535,0
DA:536,0
DA:539,0
DA:540,0
DA:544,0
DA:545,0
DA:547,0
DA:548,0
DA:549,0
DA:550,0
DA:553,0
DA:565,0
DA:566,0
DA:570,0
DA:571,0
DA:573,0
DA:574,0
DA:575,0
DA:578,0
DA:581,0
DA:634,0
DA:635,0
DA:638,0
DA:639,0
DA:640,0
DA:644,0
DA:645,0
DA:647,0
DA:649,0
DA:650,0
DA:651,0
DA:655,0
DA:668,0
DA:669,0
DA:672,0
DA:675,0
DA:676,0
DA:677,0
DA:688,0
DA:697,0
DA:703,0
DA:709,0
DA:714,0
DA:716,0
DA:725,0
DA:726,0
LF:192
LH:0
BRDA:39,0,0,0
BRDA:39,0,1,0
BRDA:77,1,0,0
BRDA:77,1,1,0
BRDA:96,2,0,0
BRDA:96,2,1,0
BRDA:176,3,0,0
BRDA:176,3,1,0
BRDA:176,4,0,0
BRDA:176,4,1,0
BRDA:181,5,0,0
BRDA:181,5,1,0
BRDA:186,6,0,0
BRDA:186,6,1,0
BRDA:194,7,0,0
BRDA:194,7,1,0
BRDA:195,8,0,0
BRDA:195,8,1,0
BRDA:199,9,0,0
BRDA:199,9,1,0
BRDA:206,10,0,0
BRDA:206,10,1,0
BRDA:209,11,0,0
BRDA:209,11,1,0
BRDA:216,12,0,0
BRDA:216,12,1,0
BRDA:221,13,0,0
BRDA:221,13,1,0
BRDA:235,14,0,0
BRDA:235,14,1,0
BRDA:269,15,0,0
BRDA:269,15,1,0
BRDA:269,16,0,0
BRDA:269,16,1,0
BRDA:275,17,0,0
BRDA:275,17,1,0
BRDA:281,18,0,0
BRDA:281,18,1,0
BRDA:289,19,0,0
BRDA:289,19,1,0
BRDA:290,20,0,0
BRDA:290,20,1,0
BRDA:303,21,0,0
BRDA:303,21,1,0
BRDA:311,22,0,0
BRDA:311,22,1,0
BRDA:368,23,0,0
BRDA:368,23,1,0
BRDA:385,24,0,0
BRDA:385,24,1,0
BRDA:426,25,0,0
BRDA:426,25,1,0
BRDA:445,26,0,0
BRDA:445,26,1,0
BRDA:483,27,0,0
BRDA:483,27,1,0
BRDA:510,28,0,0
BRDA:510,28,1,0
BRDA:549,29,0,0
BRDA:549,29,1,0
BRDA:565,30,0,0
BRDA:565,30,1,0
BRDA:573,31,0,0
BRDA:573,31,1,0
BRDA:574,32,0,0
BRDA:574,32,1,0
BRDA:578,33,0,0
BRDA:578,33,1,0
BRDA:586,34,0,0
BRDA:586,34,1,0
BRDA:650,35,0,0
BRDA:650,35,1,0
BRDA:668,36,0,0
BRDA:668,36,1,0
BRDA:675,37,0,0
BRDA:675,37,1,0
BRDA:717,38,0,0
BRDA:717,38,1,0
BRF:78
BRH:0
end_of_record
TN:
SF:service\salesService.js
FN:40,verifyManagerPassword
FN:65,(anonymous_1)
FN:115,(anonymous_2)
FN:124,(anonymous_3)
FN:127,getUserByUsername
FN:136,(anonymous_5)
FN:170,(anonymous_6)
FN:173,(anonymous_7)
FN:291,(anonymous_8)
FN:296,(anonymous_9)
FN:310,(anonymous_10)
FN:313,(anonymous_11)
FN:343,(anonymous_12)
FN:344,(anonymous_13)
FN:426,(anonymous_14)
FN:434,(anonymous_15)
FN:441,(anonymous_16)
FN:454,(anonymous_17)
FN:480,(anonymous_18)
FN:481,(anonymous_19)
FN:485,(anonymous_20)
FN:505,(anonymous_21)
FN:525,(anonymous_22)
FN:538,(anonymous_23)
FN:548,(anonymous_24)
FN:577,(anonymous_25)
FN:622,(anonymous_26)
FN:632,getDiscountRates
FN:650,(anonymous_28)
FN:653,getTaxRates
FN:671,(anonymous_30)
FN:673,getItemPrice
FN:692,(anonymous_32)
FN:714,(anonymous_33)
FN:860,(anonymous_34)
FN:887,(anonymous_35)
FN:912,(anonymous_36)
FN:967,(anonymous_37)
FN:994,(anonymous_38)
FN:998,(anonymous_39)
FN:1004,(anonymous_40)
FN:1076,(anonymous_41)
FN:1091,(anonymous_42)
FN:1167,(anonymous_43)
FN:1188,(anonymous_44)
FN:1208,(anonymous_45)
FN:1226,(anonymous_46)
FN:1263,getInventoryByUUID
FN:1273,(anonymous_48)
FN:1355,(anonymous_49)
FN:1396,(anonymous_50)
FN:1444,(anonymous_51)
FN:1555,getFastMovingItems
FN:1606,(anonymous_53)
FN:1669,(anonymous_54)
FN:1695,getSortExpression
FN:1705,getPreviousPeriodData
FN:1724,getCategoryBreakdown
FN:1755,enrichAnalyticsData
FN:1756,(anonymous_59)
FN:1759,(anonymous_60)
FN:1795,calculateReorderPoint
FN:1801,calculateOverallTrends
FN:1804,(anonymous_63)
FN:1807,(anonymous_64)
FN:1810,(anonymous_65)
FNF:66
FNH:0
FNDA:0,verifyManagerPassword
FNDA:0,(anonymous_1)
FNDA:0,(anonymous_2)
FNDA:0,(anonymous_3)
FNDA:0,getUserByUsername
FNDA:0,(anonymous_5)
FNDA:0,(anonymous_6)
FNDA:0,(anonymous_7)
FNDA:0,(anonymous_8)
FNDA:0,(anonymous_9)
FNDA:0,(anonymous_10)
FNDA:0,(anonymous_11)
FNDA:0,(anonymous_12)
FNDA:0,(anonymous_13)
FNDA:0,(anonymous_14)
FNDA:0,(anonymous_15)
FNDA:0,(anonymous_16)
FNDA:0,(anonymous_17)
FNDA:0,(anonymous_18)
FNDA:0,(anonymous_19)
FNDA:0,(anonymous_20)
FNDA:0,(anonymous_21)
FNDA:0,(anonymous_22)
FNDA:0,(anonymous_23)
FNDA:0,(anonymous_24)
FNDA:0,(anonymous_25)
FNDA:0,(anonymous_26)
FNDA:0,getDiscountRates
FNDA:0,(anonymous_28)
FNDA:0,getTaxRates
FNDA:0,(anonymous_30)
FNDA:0,getItemPrice
FNDA:0,(anonymous_32)
FNDA:0,(anonymous_33)
FNDA:0,(anonymous_34)
FNDA:0,(anonymous_35)
FNDA:0,(anonymous_36)
FNDA:0,(anonymous_37)
FNDA:0,(anonymous_38)
FNDA:0,(anonymous_39)
FNDA:0,(anonymous_40)
FNDA:0,(anonymous_41)
FNDA:0,(anonymous_42)
FNDA:0,(anonymous_43)
FNDA:0,(anonymous_44)
FNDA:0,(anonymous_45)
FNDA:0,(anonymous_46)
FNDA:0,getInventoryByUUID
FNDA:0,(anonymous_48)
FNDA:0,(anonymous_49)
FNDA:0,(anonymous_50)
FNDA:0,(anonymous_51)
FNDA:0,getFastMovingItems
FNDA:0,(anonymous_53)
FNDA:0,(anonymous_54)
FNDA:0,getSortExpression
FNDA:0,getPreviousPeriodData
FNDA:0,getCategoryBreakdown
FNDA:0,enrichAnalyticsData
FNDA:0,(anonymous_59)
FNDA:0,(anonymous_60)
FNDA:0,calculateReorderPoint
FNDA:0,calculateOverallTrends
FNDA:0,(anonymous_63)
FNDA:0,(anonymous_64)
FNDA:0,(anonymous_65)
DA:1,0
DA:19,0
DA:25,0
DA:26,0
DA:27,0
DA:28,0
DA:29,0
DA:30,0
DA:32,0
DA:41,0
DA:42,0
DA:49,0
DA:50,0
DA:54,0
DA:55,0
DA:58,0
DA:60,0
DA:61,0
DA:65,0
DA:66,0
DA:109,0
DA:110,0
DA:112,0
DA:115,0
DA:116,0
DA:124,0
DA:128,0
DA:133,0
DA:136,0
DA:138,0
DA:143,0
DA:144,0
DA:147,0
DA:154,0
DA:155,0
DA:159,0
DA:165,0
DA:166,0
DA:170,0
DA:173,0
DA:174,0
DA:177,0
DA:178,0
DA:195,0
DA:196,0
DA:197,0
DA:199,0
DA:291,0
DA:292,0
DA:293,0
DA:296,0
DA:297,0
DA:298,0
DA:302,0
DA:303,0
DA:310,0
DA:311,0
DA:312,0
DA:313,0
DA:314,0
DA:315,0
DA:332,0
DA:333,0
DA:336,0
DA:340,0
DA:341,0
DA:343,0
DA:344,0
DA:347,0
DA:363,0
DA:364,0
DA:366,0
DA:379,0
DA:380,0
DA:382,0
DA:400,0
DA:417,0
DA:418,0
DA:426,0
DA:434,0
DA:435,0
DA:436,0
DA:440,0
DA:442,0
DA:449,0
DA:450,0
DA:454,0
DA:455,0
DA:456,0
DA:458,0
DA:459,0
DA:460,0
DA:461,0
DA:463,0
DA:466,0
DA:467,0
DA:469,0
DA:479,0
DA:481,0
DA:482,0
DA:483,0
DA:485,0
DA:486,0
DA:495,0
DA:496,0
DA:498,0
DA:499,0
DA:500,0
DA:505,0
DA:506,0
DA:507,0
DA:508,0
DA:511,0
DA:513,0
DA:514,0
DA:516,0
DA:518,0
DA:519,0
DA:520,0
DA:521,0
DA:522,0
DA:523,0
DA:525,0
DA:526,0
DA:527,0
DA:529,0
DA:530,0
DA:532,0
DA:536,0
DA:538,0
DA:539,0
DA:542,0
DA:544,0
DA:545,0
DA:546,0
DA:548,0
DA:549,0
DA:550,0
DA:557,0
DA:558,0
DA:564,0
DA:567,0
DA:569,0
DA:573,0
DA:574,0
DA:575,0
DA:577,0
DA:578,0
DA:579,0
DA:586,0
DA:587,0
DA:593,0
DA:596,0
DA:598,0
DA:602,0
DA:611,0
DA:612,0
DA:614,0
DA:622,0
DA:623,0
DA:629,0
DA:633,0
DA:642,0
DA:643,0
DA:650,0
DA:654,0
DA:663,0
DA:664,0
DA:671,0
DA:674,0
DA:681,0
DA:682,0
DA:689,0
DA:692,0
DA:698,0
DA:699,0
DA:703,0
DA:705,0
DA:709,0
DA:710,0
DA:711,0
DA:713,0
DA:715,0
DA:717,0
DA:725,0
DA:734,0
DA:743,0
DA:748,0
DA:754,0
DA:760,0
DA:768,0
DA:774,0
DA:779,0
DA:780,0
DA:787,0
DA:855,0
DA:856,0
DA:857,0
DA:859,0
DA:861,0
DA:862,0
DA:880,0
DA:882,0
DA:883,0
DA:887,0
DA:888,0
DA:890,0
DA:900,0
DA:910,0
DA:912,0
DA:913,0
DA:914,0
DA:916,0
DA:917,0
DA:918,0
DA:921,0
DA:922,0
DA:923,0
DA:926,0
DA:927,0
DA:928,0
DA:929,0
DA:931,0
DA:932,0
DA:933,0
DA:935,0
DA:936,0
DA:937,0
DA:938,0
DA:942,0
DA:955,0
DA:957,0
DA:958,0
DA:959,0
DA:962,0
DA:967,0
DA:973,0
DA:974,0
DA:979,0
DA:990,0
DA:991,0
DA:994,0
DA:995,0
DA:996,0
DA:998,0
DA:1004,0
DA:1005,0
DA:1007,0
DA:1008,0
DA:1012,0
DA:1013,0
DA:1016,0
DA:1020,0
DA:1021,0
DA:1025,0
DA:1030,0
DA:1031,0
DA:1034,0
DA:1035,0
DA:1036,0
DA:1042,0
DA:1046,0
DA:1055,0
DA:1070,0
DA:1072,0
DA:1073,0
DA:1075,0
DA:1076,0
DA:1077,0
DA:1078,0
DA:1085,0
DA:1088,0
DA:1089,0
DA:1090,0
DA:1092,0
DA:1094,0
DA:1095,0
DA:1096,0
DA:1097,0
DA:1101,0
DA:1109,0
DA:1110,0
DA:1111,0
DA:1115,0
DA:1124,0
DA:1139,0
DA:1140,0
DA:1141,0
DA:1142,0
DA:1154,0
DA:1155,0
DA:1158,0
DA:1167,0
DA:1176,0
DA:1177,0
DA:1181,0
DA:1182,0
DA:1183,0
DA:1184,0
DA:1188,0
DA:1196,0
DA:1199,0
DA:1200,0
DA:1207,0
DA:1208,0
DA:1214,0
DA:1217,0
DA:1218,0
DA:1220,0
DA:1221,0
DA:1222,0
DA:1226,0
DA:1227,0
DA:1228,0
DA:1232,0
DA:1233,0
DA:1236,0
DA:1254,0
DA:1259,0
DA:1260,0
DA:1264,0
DA:1270,0
DA:1273,0
DA:1279,0
DA:1281,0
DA:1282,0
DA:1287,0
DA:1288,0
DA:1292,0
DA:1293,0
DA:1300,0
DA:1301,0
DA:1302,0
DA:1309,0
DA:1310,0
DA:1311,0
DA:1318,0
DA:1332,0
DA:1333,0
DA:1337,0
DA:1343,0
DA:1354,0
DA:1355,0
DA:1359,0
DA:1361,0
DA:1369,0
DA:1370,0
DA:1371,0
DA:1372,0
DA:1375,0
DA:1378,0
DA:1379,0
DA:1381,0
DA:1385,0
DA:1387,0
DA:1396,0
DA:1404,0
DA:1407,0
DA:1410,0
DA:1436,0
DA:1438,0
DA:1439,0
DA:1440,0
DA:1444,0
DA:1449,0
DA:1451,0
DA:1452,0
DA:1457,0
DA:1458,0
DA:1461,0
DA:1462,0
DA:1463,0
DA:1470,0
DA:1474,0
DA:1475,0
DA:1482,0
DA:1496,0
DA:1497,0
DA:1501,0
DA:1502,0
DA:1503,0
DA:1506,0
DA:1507,0
DA:1516,0
DA:1531,0
DA:1532,0
DA:1534,0
DA:1540,0
DA:1541,0
DA:1543,0
DA:1544,0
DA:1547,0
DA:1558,0
DA:1559,0
DA:1561,0
DA:1563,0
DA:1566,0
DA:1600,0
DA:1602,0
DA:1606,0
DA:1607,0
DA:1608,0
DA:1612,0
DA:1613,0
DA:1617,0
DA:1666,0
DA:1669,0
DA:1678,0
DA:1687,0
DA:1688,0
DA:1696,0
DA:1702,0
DA:1706,0
DA:1721,0
DA:1725,0
DA:1756,0
DA:1757,0
DA:1758,0
DA:1759,0
DA:1763,0
DA:1765,0
DA:1768,0
DA:1769,0
DA:1771,0
DA:1775,0
DA:1777,0
DA:1790,0
DA:1792,0
DA:1796,0
DA:1797,0
DA:1798,0
DA:1802,0
DA:1804,0
DA:1807,0
DA:1810,0
LF:435
LH:0
BRDA:54,0,0,0
BRDA:54,0,1,0
BRDA:109,1,0,0
BRDA:109,1,1,0
BRDA:143,2,0,0
BRDA:143,2,1,0
BRDA:143,3,0,0
BRDA:143,3,1,0
BRDA:154,4,0,0
BRDA:154,4,1,0
BRDA:154,5,0,0
BRDA:154,5,1,0
BRDA:165,6,0,0
BRDA:165,6,1,0
BRDA:165,7,0,0
BRDA:165,7,1,0
BRDA:170,8,0,0
BRDA:170,8,1,0
BRDA:292,9,0,0
BRDA:292,9,1,0
BRDA:292,10,0,0
BRDA:292,10,1,0
BRDA:297,11,0,0
BRDA:297,11,1,0
BRDA:302,12,0,0
BRDA:302,12,1,0
BRDA:302,13,0,0
BRDA:302,13,1,0
BRDA:332,14,0,0
BRDA:332,14,1,0
BRDA:340,15,0,0
BRDA:340,15,1,0
BRDA:363,16,0,0
BRDA:363,16,1,0
BRDA:379,17,0,0
BRDA:379,17,1,0
BRDA:417,18,0,0
BRDA:417,18,1,0
BRDA:455,19,0,0
BRDA:455,19,1,0
BRDA:456,20,0,0
BRDA:456,20,1,0
BRDA:482,21,0,0
BRDA:482,21,1,0
BRDA:507,22,0,0
BRDA:507,22,1,0
BRDA:507,23,0,0
BRDA:507,23,1,0
BRDA:511,24,0,0
BRDA:511,25,0,0
BRDA:513,26,0,0
BRDA:513,26,1,0
BRDA:529,27,0,0
BRDA:529,27,1,0
BRDA:544,28,0,0
BRDA:544,28,1,0
BRDA:549,29,0,0
BRDA:549,29,1,0
BRDA:549,30,0,0
BRDA:549,30,1,0
BRDA:573,31,0,0
BRDA:573,31,1,0
BRDA:578,32,0,0
BRDA:578,32,1,0
BRDA:578,33,0,0
BRDA:578,33,1,0
BRDA:611,34,0,0
BRDA:611,34,1,0
BRDA:642,35,0,0
BRDA:642,35,1,0
BRDA:663,36,0,0
BRDA:663,36,1,0
BRDA:681,37,0,0
BRDA:681,37,1,0
BRDA:709,38,0,0
BRDA:709,38,1,0
BRDA:711,39,0,0
BRDA:711,39,1,0
BRDA:715,40,0,0
BRDA:715,40,1,0
BRDA:715,40,2,0
BRDA:715,40,3,0
BRDA:715,40,4,0
BRDA:715,40,5,0
BRDA:715,40,6,0
BRDA:715,40,7,0
BRDA:715,40,8,0
BRDA:779,41,0,0
BRDA:779,41,1,0
BRDA:866,42,0,0
BRDA:866,42,1,0
BRDA:913,43,0,0
BRDA:913,43,1,0
BRDA:917,44,0,0
BRDA:917,44,1,0
BRDA:917,45,0,0
BRDA:917,45,1,0
BRDA:922,46,0,0
BRDA:922,46,1,0
BRDA:928,47,0,0
BRDA:928,47,1,0
BRDA:933,48,0,0
BRDA:955,49,0,0
BRDA:955,49,1,0
BRDA:958,50,0,0
BRDA:958,50,1,0
BRDA:973,51,0,0
BRDA:973,51,1,0
BRDA:990,52,0,0
BRDA:990,52,1,0
BRDA:995,53,0,0
BRDA:995,53,1,0
BRDA:1012,54,0,0
BRDA:1012,54,1,0
BRDA:1020,55,0,0
BRDA:1020,55,1,0
BRDA:1025,56,0,0
BRDA:1025,56,1,0
BRDA:1026,57,0,0
BRDA:1026,57,1,0
BRDA:1026,57,2,0
BRDA:1035,58,0,0
BRDA:1035,58,1,0
BRDA:1042,59,0,0
BRDA:1042,59,1,0
BRDA:1043,60,0,0
BRDA:1043,60,1,0
BRDA:1075,61,0,0
BRDA:1075,61,1,0
BRDA:1075,62,0,0
BRDA:1075,62,1,0
BRDA:1088,63,0,0
BRDA:1088,63,1,0
BRDA:1088,64,0,0
BRDA:1088,64,1,0
BRDA:1094,65,0,0
BRDA:1094,65,1,0
BRDA:1096,66,0,0
BRDA:1096,66,1,0
BRDA:1110,67,0,0
BRDA:1110,67,1,0
BRDA:1131,68,0,0
BRDA:1131,68,1,0
BRDA:1141,69,0,0
BRDA:1141,69,1,0
BRDA:1154,70,0,0
BRDA:1154,70,1,0
BRDA:1181,71,0,0
BRDA:1181,71,1,0
BRDA:1181,72,0,0
BRDA:1181,72,1,0
BRDA:1181,72,2,0
BRDA:1207,73,0,0
BRDA:1207,73,1,0
BRDA:1207,74,0,0
BRDA:1207,74,1,0
BRDA:1232,75,0,0
BRDA:1232,75,1,0
BRDA:1287,76,0,0
BRDA:1287,76,1,0
BRDA:1292,77,0,0
BRDA:1292,77,1,0
BRDA:1301,78,0,0
BRDA:1301,78,1,0
BRDA:1310,79,0,0
BRDA:1310,79,1,0
BRDA:1332,80,0,0
BRDA:1332,80,1,0
BRDA:1359,81,0,0
BRDA:1359,81,1,0
BRDA:1359,82,0,0
BRDA:1359,82,1,0
BRDA:1370,83,0,0
BRDA:1370,83,1,0
BRDA:1378,84,0,0
BRDA:1378,84,1,0
BRDA:1379,85,0,0
BRDA:1379,85,1,0
BRDA:1385,86,0,0
BRDA:1385,86,1,0
BRDA:1457,87,0,0
BRDA:1457,87,1,0
BRDA:1462,88,0,0
BRDA:1462,88,1,0
BRDA:1474,89,0,0
BRDA:1474,89,1,0
BRDA:1496,90,0,0
BRDA:1496,90,1,0
BRDA:1501,91,0,0
BRDA:1501,91,1,0
BRDA:1506,92,0,0
BRDA:1506,92,1,0
BRDA:1543,93,0,0
BRDA:1543,93,1,0
BRDA:1555,94,0,0
BRDA:1612,95,0,0
BRDA:1612,95,1,0
BRDA:1662,96,0,0
BRDA:1662,96,1,0
BRDA:1702,97,0,0
BRDA:1702,97,1,0
BRDA:1763,98,0,0
BRDA:1763,98,1,0
BRDA:1775,99,0,0
BRDA:1775,99,1,0
BRF:205
BRH:0
end_of_record
TN:
SF:service\staffService.js
FN:5,(anonymous_0)
FN:44,(anonymous_1)
FN:91,(anonymous_2)
FN:116,(anonymous_3)
FNF:4
FNH:0
FNDA:0,(anonymous_0)
FNDA:0,(anonymous_1)
FNDA:0,(anonymous_2)
FNDA:0,(anonymous_3)
DA:1,0
DA:2,0
DA:6,0
DA:8,0
DA:13,0
DA:14,0
DA:18,0
DA:37,0
DA:39,0
DA:40,0
DA:45,0
DA:46,0
DA:51,0
DA:52,0
DA:56,0
DA:61,0
DA:62,0
DA:68,0
DA:84,0
DA:86,0
DA:87,0
DA:92,0
DA:93,0
DA:98,0
DA:99,0
DA:102,0
DA:109,0
DA:111,0
DA:112,0
DA:117,0
DA:119,0
DA:124,0
DA:125,0
DA:129,0
DA:137,0
DA:138,0
DA:149,0
DA:157,0
DA:158,0
DA:161,0
DA:166,0
DA:167,0
DA:172,0
LF:43
LH:0
BRDA:13,0,0,0
BRDA:13,0,1,0
BRDA:51,1,0,0
BRDA:51,1,1,0
BRDA:61,2,0,0
BRDA:61,2,1,0
BRDA:98,3,0,0
BRDA:98,3,1,0
BRDA:124,4,0,0
BRDA:124,4,1,0
BRDA:137,5,0,0
BRDA:137,5,1,0
BRDA:157,6,0,0
BRDA:157,6,1,0
BRF:14
BRH:0
end_of_record
TN:
SF:service\stakeholderService.js
FN:4,(anonymous_0)
FN:28,(anonymous_1)
FN:54,(anonymous_2)
FN:102,(anonymous_3)
FN:117,(anonymous_4)
FN:156,(anonymous_5)
FN:174,(anonymous_6)
FN:188,(anonymous_7)
FN:226,(anonymous_8)
FN:246,getUserFromUsername
FN:256,(anonymous_10)
FN:311,(anonymous_11)
FNF:12
FNH:0
FNDA:0,(anonymous_0)
FNDA:0,(anonymous_1)
FNDA:0,(anonymous_2)
FNDA:0,(anonymous_3)
FNDA:0,(anonymous_4)
FNDA:0,(anonymous_5)
FNDA:0,(anonymous_6)
FNDA:0,(anonymous_7)
FNDA:0,(anonymous_8)
FNDA:0,getUserFromUsername
FNDA:0,(anonymous_10)
FNDA:0,(anonymous_11)
DA:1,0
DA:2,0
DA:3,0
DA:4,0
DA:5,0
DA:7,0
DA:8,0
DA:11,0
DA:22,0
DA:23,0
DA:25,0
DA:28,0
DA:29,0
DA:31,0
DA:33,0
DA:34,0
DA:36,0
DA:38,0
DA:48,0
DA:49,0
DA:51,0
DA:54,0
DA:55,0
DA:56,0
DA:57,0
DA:58,0
DA:61,0
DA:68,0
DA:69,0
DA:72,0
DA:88,0
DA:95,0
DA:97,0
DA:98,0
DA:102,0
DA:103,0
DA:104,0
DA:106,0
DA:113,0
DA:114,0
DA:117,0
DA:127,0
DA:129,0
DA:135,0
DA:136,0
DA:147,0
DA:148,0
DA:150,0
DA:152,0
DA:156,0
DA:157,0
DA:159,0
DA:160,0
DA:171,0
DA:172,0
DA:174,0
DA:175,0
DA:182,0
DA:184,0
DA:188,0
DA:189,0
DA:191,0
DA:192,0
DA:195,0
DA:196,0
DA:198,0
DA:220,0
DA:226,0
DA:227,0
DA:229,0
DA:230,0
DA:237,0
DA:238,0
DA:240,0
DA:242,0
DA:247,0
DA:253,0
DA:256,0
DA:257,0
DA:259,0
DA:260,0
DA:261,0
DA:265,0
DA:272,0
DA:273,0
DA:277,0
DA:297,0
DA:304,0
DA:306,0
DA:307,0
DA:311,0
DA:312,0
DA:313,0
DA:315,0
DA:322,0
DA:323,0
LF:96
LH:0
BRDA:7,0,0,0
BRDA:7,0,1,0
BRDA:22,1,0,0
BRDA:22,1,1,0
BRDA:33,2,0,0
BRDA:33,2,1,0
BRDA:48,3,0,0
BRDA:48,3,1,0
BRDA:57,4,0,0
BRDA:57,4,1,0
BRDA:68,5,0,0
BRDA:68,5,1,0
BRDA:104,6,0,0
BRDA:104,6,1,0
BRDA:113,7,0,0
BRDA:113,7,1,0
BRDA:135,8,0,0
BRDA:135,8,1,0
BRDA:147,9,0,0
BRDA:147,9,1,0
BRDA:159,10,0,0
BRDA:159,10,1,0
BRDA:171,11,0,0
BRDA:171,11,1,0
BRDA:191,12,0,0
BRDA:191,12,1,0
BRDA:229,13,0,0
BRDA:229,13,1,0
BRDA:237,14,0,0
BRDA:237,14,1,0
BRDA:260,15,0,0
BRDA:260,15,1,0
BRDA:272,16,0,0
BRDA:272,16,1,0
BRDA:313,17,0,0
BRDA:313,17,1,0
BRDA:322,18,0,0
BRDA:322,18,1,0
BRF:38
BRH:0
end_of_record
TN:
SF:service\taxService.js
FN:5,(anonymous_0)
FN:40,(anonymous_1)
FN:58,(anonymous_2)
FN:67,(anonymous_3)
FN:91,(anonymous_4)
FNF:5
FNH:0
FNDA:0,(anonymous_0)
FNDA:0,(anonymous_1)
FNDA:0,(anonymous_2)
FNDA:0,(anonymous_3)
FNDA:0,(anonymous_4)
DA:1,0
DA:2,0
DA:6,0
DA:7,0
DA:8,0
DA:11,0
DA:12,0
DA:15,0
DA:19,0
DA:20,0
DA:23,0
DA:31,0
DA:33,0
DA:34,0
DA:36,0
DA:41,0
DA:42,0
DA:46,0
DA:47,0
DA:50,0
DA:58,0
DA:60,0
DA:61,0
DA:63,0
DA:68,0
DA:69,0
DA:71,0
DA:72,0
DA:75,0
DA:76,0
DA:79,0
DA:80,0
DA:82,0
DA:84,0
DA:85,0
DA:87,0
DA:92,0
DA:93,0
DA:96,0
DA:97,0
DA:101,0
DA:102,0
DA:104,0
DA:105,0
DA:107,0
DA:112,0
LF:46
LH:0
BRDA:7,0,0,0
BRDA:7,0,1,0
BRDA:11,1,0,0
BRDA:11,1,1,0
BRDA:19,2,0,0
BRDA:19,2,1,0
BRDA:33,3,0,0
BRDA:33,3,1,0
BRDA:46,4,0,0
BRDA:46,4,1,0
BRDA:60,5,0,0
BRDA:60,5,1,0
BRDA:71,6,0,0
BRDA:71,6,1,0
BRDA:75,7,0,0
BRDA:75,7,1,0
BRDA:75,8,0,0
BRDA:75,8,1,0
BRDA:84,9,0,0
BRDA:84,9,1,0
BRDA:96,10,0,0
BRDA:96,10,1,0
BRDA:96,11,0,0
BRDA:96,11,1,0
BRDA:104,12,0,0
BRDA:104,12,1,0
BRF:26
BRH:0
end_of_record
TN:
SF:service\userService.js
FN:22,(anonymous_0)
FN:55,(anonymous_1)
FN:85,getUserByUsername
FN:95,getUserById
FN:114,getCustomerByUUID
FN:123,getInventoryByUUID
FN:137,storeRefreshToken
FN:147,getUserByRefreshToken
FN:157,(anonymous_8)
FN:190,(anonymous_9)
FN:245,(anonymous_10)
FN:303,(anonymous_11)
FN:348,(anonymous_12)
FN:409,(anonymous_13)
FN:488,(anonymous_14)
FN:512,(anonymous_15)
FN:512,(anonymous_16)
FN:515,(anonymous_17)
FN:516,(anonymous_18)
FN:528,(anonymous_19)
FN:603,(anonymous_20)
FN:661,(anonymous_21)
FN:715,(anonymous_22)
FN:729,(anonymous_23)
FN:745,(anonymous_24)
FN:759,(anonymous_25)
FN:795,(anonymous_26)
FNF:27
FNH:0
FNDA:0,(anonymous_0)
FNDA:0,(anonymous_1)
FNDA:0,getUserByUsername
FNDA:0,getUserById
FNDA:0,getCustomerByUUID
FNDA:0,getInventoryByUUID
FNDA:0,storeRefreshToken
FNDA:0,getUserByRefreshToken
FNDA:0,(anonymous_8)
FNDA:0,(anonymous_9)
FNDA:0,(anonymous_10)
FNDA:0,(anonymous_11)
FNDA:0,(anonymous_12)
FNDA:0,(anonymous_13)
FNDA:0,(anonymous_14)
FNDA:0,(anonymous_15)
FNDA:0,(anonymous_16)
FNDA:0,(anonymous_17)
FNDA:0,(anonymous_18)
FNDA:0,(anonymous_19)
FNDA:0,(anonymous_20)
FNDA:0,(anonymous_21)
FNDA:0,(anonymous_22)
FNDA:0,(anonymous_23)
FNDA:0,(anonymous_24)
FNDA:0,(anonymous_25)
FNDA:0,(anonymous_26)
DA:1,1
DA:2,1
DA:3,1
DA:4,1
DA:5,1
DA:6,1
DA:7,1
DA:8,1
DA:9,1
DA:10,1
DA:11,1
DA:12,1
DA:13,1
DA:14,1
DA:15,1
DA:16,1
DA:17,1
DA:18,1
DA:19,1
DA:20,1
DA:22,1
DA:23,0
DA:40,0
DA:41,0
DA:45,0
DA:52,0
DA:55,1
DA:56,0
DA:58,0
DA:59,0
DA:62,0
DA:66,0
DA:67,0
DA:73,0
DA:82,0
DA:86,0
DA:91,0
DA:96,0
DA:97,0
DA:103,0
DA:104,0
DA:107,0
DA:109,0
DA:110,0
DA:115,0
DA:120,0
DA:124,0
DA:130,0
DA:131,0
DA:133,0
DA:138,0
DA:139,0
DA:140,0
DA:142,0
DA:148,0
DA:149,0
DA:150,0
DA:151,0
DA:153,0
DA:154,0
DA:157,1
DA:158,0
DA:160,0
DA:161,0
DA:163,0
DA:164,0
DA:165,0
DA:185,0
DA:190,1
DA:191,0
DA:194,0
DA:195,0
DA:196,0
DA:200,0
DA:201,0
DA:205,0
DA:214,0
DA:215,0
DA:216,0
DA:218,0
DA:219,0
DA:223,0
DA:224,0
DA:225,0
DA:234,0
DA:235,0
DA:238,0
DA:240,0
DA:241,0
DA:245,1
DA:246,0
DA:248,0
DA:249,0
DA:252,0
DA:259,0
DA:261,0
DA:264,0
DA:265,0
DA:267,0
DA:269,0
DA:272,0
DA:273,0
DA:279,0
DA:285,0
DA:287,0
DA:298,0
DA:299,0
DA:303,1
DA:304,0
DA:305,0
DA:306,0
DA:313,0
DA:314,0
DA:315,0
DA:318,0
DA:319,0
DA:321,0
DA:322,0
DA:323,0
DA:324,0
DA:327,0
DA:333,0
DA:343,0
DA:344,0
DA:348,1
DA:349,0
DA:350,0
DA:351,0
DA:354,0
DA:373,0
DA:375,0
DA:398,0
DA:399,0
DA:402,0
DA:404,0
DA:405,0
DA:409,1
DA:410,0
DA:411,0
DA:412,0
DA:432,0
DA:434,0
DA:457,0
DA:458,0
DA:461,0
DA:462,0
DA:469,0
DA:470,0
DA:473,0
DA:479,0
DA:481,0
DA:482,0
DA:483,0
DA:484,0
DA:488,1
DA:489,0
DA:490,0
DA:491,0
DA:494,0
DA:499,0
DA:500,0
DA:506,0
DA:512,0
DA:513,0
DA:514,0
DA:515,0
DA:516,0
DA:518,0
DA:521,0
DA:522,0
DA:525,0
DA:528,1
DA:529,0
DA:530,0
DA:531,0
DA:540,0
DA:541,0
DA:542,0
DA:543,0
DA:544,0
DA:558,0
DA:559,0
DA:562,0
DA:563,0
DA:565,0
DA:566,0
DA:569,0
DA:570,0
DA:581,0
DA:582,0
DA:583,0
DA:585,0
DA:595,0
DA:596,0
DA:598,0
DA:599,0
DA:603,1
DA:604,0
DA:605,0
DA:606,0
DA:609,0
DA:632,0
DA:633,0
DA:658,0
DA:661,1
DA:662,0
DA:664,0
DA:666,0
DA:667,0
DA:668,0
DA:672,0
DA:679,0
DA:680,0
DA:684,0
DA:690,0
DA:701,0
DA:703,0
DA:710,0
DA:711,0
DA:715,1
DA:716,0
DA:718,0
DA:719,0
DA:721,0
DA:723,0
DA:724,0
DA:726,0
DA:729,1
DA:730,0
DA:731,0
DA:738,0
DA:740,0
DA:741,0
DA:745,1
DA:747,0
DA:751,0
DA:752,0
DA:755,0
DA:757,0
DA:758,0
DA:760,0
DA:781,0
DA:785,0
DA:786,0
DA:789,0
DA:790,0
DA:791,0
DA:795,1
DA:796,0
DA:799,0
DA:803,0
DA:804,0
DA:808,0
DA:818,0
DA:819,0
DA:820,0
DA:822,0
DA:823,0
DA:828,0
DA:836,0
DA:837,0
DA:841,0
DA:846,0
DA:849,1
DA:850,1
DA:851,1
LF:266
LH:39
BRDA:40,0,0,0
BRDA:40,0,1,0
BRDA:58,1,0,0
BRDA:58,1,1,0
BRDA:66,2,0,0
BRDA:66,2,1,0
BRDA:103,3,0,0
BRDA:103,3,1,0
BRDA:130,4,0,0
BRDA:130,4,1,0
BRDA:150,5,0,0
BRDA:150,5,1,0
BRDA:160,6,0,0
BRDA:160,6,1,0
BRDA:195,7,0,0
BRDA:195,7,1,0
BRDA:200,8,0,0
BRDA:200,8,1,0
BRDA:200,9,0,0
BRDA:200,9,1,0
BRDA:214,10,0,0
BRDA:214,10,1,0
BRDA:215,11,0,0
BRDA:215,11,1,0
BRDA:218,12,0,0
BRDA:218,12,1,0
BRDA:234,13,0,0
BRDA:234,13,1,0
BRDA:241,14,0,0
BRDA:241,14,1,0
BRDA:248,15,0,0
BRDA:248,15,1,0
BRDA:248,16,0,0
BRDA:248,16,1,0
BRDA:259,17,0,0
BRDA:259,17,1,0
BRDA:267,18,0,0
BRDA:267,18,1,0
BRDA:313,19,0,0
BRDA:313,19,1,0
BRDA:322,20,0,0
BRDA:322,20,1,0
BRDA:350,21,0,0
BRDA:350,21,1,0
BRDA:395,22,0,0
BRDA:395,22,1,0
BRDA:398,23,0,0
BRDA:398,23,1,0
BRDA:405,24,0,0
BRDA:405,24,1,0
BRDA:411,25,0,0
BRDA:411,25,1,0
BRDA:457,26,0,0
BRDA:457,26,1,0
BRDA:469,27,0,0
BRDA:469,27,1,0
BRDA:490,28,0,0
BRDA:490,28,1,0
BRDA:499,29,0,0
BRDA:499,29,1,0
BRDA:521,30,0,0
BRDA:521,30,1,0
BRDA:530,31,0,0
BRDA:530,31,1,0
BRDA:558,32,0,0
BRDA:558,32,1,0
BRDA:565,33,0,0
BRDA:565,33,1,0
BRDA:582,34,0,0
BRDA:582,34,1,0
BRDA:605,35,0,0
BRDA:605,35,1,0
BRDA:632,36,0,0
BRDA:632,36,1,0
BRDA:632,37,0,0
BRDA:632,37,1,0
BRDA:667,38,0,0
BRDA:667,38,1,0
BRDA:679,39,0,0
BRDA:679,39,1,0
BRDA:718,40,0,0
BRDA:718,40,1,0
BRDA:723,41,0,0
BRDA:723,41,1,0
BRDA:751,42,0,0
BRDA:751,42,1,0
BRDA:791,43,0,0
BRDA:791,43,1,0
BRDA:803,44,0,0
BRDA:803,44,1,0
BRDA:818,45,0,0
BRDA:818,45,1,0
BRDA:819,46,0,0
BRDA:819,46,1,0
BRDA:822,47,0,0
BRDA:822,47,1,0
BRDA:836,48,0,0
BRDA:836,48,1,0
BRF:98
BRH:0
end_of_record
TN:
SF:service\warrantyClaimService.js
FN:10,(anonymous_0)
FN:100,(anonymous_1)
FN:182,(anonymous_2)
FN:207,(anonymous_3)
FN:237,(anonymous_4)
FN:256,(anonymous_5)
FNF:6
FNH:0
FNDA:0,(anonymous_0)
FNDA:0,(anonymous_1)
FNDA:0,(anonymous_2)
FNDA:0,(anonymous_3)
FNDA:0,(anonymous_4)
FNDA:0,(anonymous_5)
DA:1,0
DA:2,0
DA:3,0
DA:4,0
DA:5,0
DA:6,0
DA:7,0
DA:11,0
DA:12,0
DA:13,0
DA:14,0
DA:31,0
DA:32,0
DA:35,0
DA:43,0
DA:44,0
DA:47,0
DA:56,0
DA:57,0
DA:60,0
DA:62,0
DA:63,0
DA:64,0
DA:67,0
DA:80,0
DA:81,0
DA:83,0
DA:85,0
DA:88,0
DA:91,0
DA:92,0
DA:95,0
DA:96,0
DA:101,0
DA:102,0
DA:104,0
DA:105,0
DA:108,0
DA:112,0
DA:113,0
DA:116,0
DA:117,0
DA:120,0
DA:176,0
DA:178,0
DA:183,0
DA:185,0
DA:186,0
DA:187,0
DA:188,0
DA:191,0
DA:199,0
DA:200,0
DA:202,0
DA:203,0
DA:208,0
DA:210,0
DA:211,0
DA:216,0
DA:217,0
DA:220,0
DA:221,0
DA:224,0
DA:229,0
DA:230,0
DA:232,0
DA:233,0
DA:238,0
DA:239,0
DA:252,0
DA:257,0
DA:258,0
DA:268,0
DA:273,0
LF:74
LH:0
BRDA:31,0,0,0
BRDA:31,0,1,0
BRDA:43,1,0,0
BRDA:43,1,1,0
BRDA:56,2,0,0
BRDA:56,2,1,0
BRDA:63,3,0,0
BRDA:63,3,1,0
BRDA:71,4,0,0
BRDA:71,4,1,0
BRDA:73,5,0,0
BRDA:73,5,1,0
BRDA:85,6,0,0
BRDA:85,6,1,0
BRDA:85,7,0,0
BRDA:85,7,1,0
BRDA:85,7,2,0
BRDA:91,8,0,0
BRDA:91,8,1,0
BRDA:104,9,0,0
BRDA:104,9,1,0
BRDA:112,10,0,0
BRDA:112,10,1,0
BRDA:112,11,0,0
BRDA:112,11,1,0
BRDA:116,12,0,0
BRDA:116,12,1,0
BRDA:116,13,0,0
BRDA:116,13,1,0
BRDA:187,14,0,0
BRDA:187,14,1,0
BRDA:216,15,0,0
BRDA:216,15,1,0
BRDA:220,16,0,0
BRDA:220,16,1,0
BRF:35
BRH:0
end_of_record
TN:
SF:service\warrantyNotificationService.js
FN:5,(anonymous_0)
FN:24,(anonymous_1)
FN:45,(anonymous_2)
FN:56,(anonymous_3)
FN:71,(anonymous_4)
FN:91,(anonymous_5)
FNF:6
FNH:0
FNDA:0,(anonymous_0)
FNDA:0,(anonymous_1)
FNDA:0,(anonymous_2)
FNDA:0,(anonymous_3)
FNDA:0,(anonymous_4)
FNDA:0,(anonymous_5)
DA:1,0
DA:2,0
DA:6,0
DA:8,0
DA:9,0
DA:16,0
DA:17,0
DA:19,0
DA:20,0
DA:25,0
DA:27,0
DA:28,0
DA:29,0
DA:30,0
DA:33,0
DA:37,0
DA:38,0
DA:40,0
DA:41,0
DA:46,0
DA:47,0
DA:52,0
DA:57,0
DA:58,0
DA:67,0
DA:72,0
DA:73,0
DA:81,0
DA:87,0
DA:92,0
DA:93,0
DA:94,0
DA:95,0
DA:96,0
DA:99,0
DA:100,0
DA:102,0
DA:103,0
DA:108,0
LF:39
LH:0
BRDA:29,0,0,0
BRDA:29,0,1,0
BRDA:95,1,0,0
BRDA:95,1,1,0
BRF:4
BRH:0
end_of_record
TN:
SF:service\warrantyService.js
FN:10,(anonymous_0)
FN:84,(anonymous_1)
FN:126,(anonymous_2)
FN:151,(anonymous_3)
FN:176,(anonymous_4)
FN:204,(anonymous_5)
FN:205,(anonymous_6)
FN:217,(anonymous_7)
FN:218,(anonymous_8)
FN:235,(anonymous_9)
FN:312,(anonymous_10)
FN:356,(anonymous_11)
FN:387,(anonymous_12)
FN:413,(anonymous_13)
FNF:14
FNH:0
FNDA:0,(anonymous_0)
FNDA:0,(anonymous_1)
FNDA:0,(anonymous_2)
FNDA:0,(anonymous_3)
FNDA:0,(anonymous_4)
FNDA:0,(anonymous_5)
FNDA:0,(anonymous_6)
FNDA:0,(anonymous_7)
FNDA:0,(anonymous_8)
FNDA:0,(anonymous_9)
FNDA:0,(anonymous_10)
FNDA:0,(anonymous_11)
FNDA:0,(anonymous_12)
FNDA:0,(anonymous_13)
DA:1,0
DA:2,0
DA:3,0
DA:4,0
DA:5,0
DA:6,0
DA:11,0
DA:13,0
DA:14,0
DA:17,0
DA:18,0
DA:19,0
DA:22,0
DA:35,0
DA:37,0
DA:42,0
DA:44,0
DA:45,0
DA:47,0
DA:48,0
DA:49,0
DA:85,0
DA:86,0
DA:121,0
DA:122,0
DA:127,0
DA:128,0
DA:129,0
DA:130,0
DA:132,0
DA:147,0
DA:152,0
DA:153,0
DA:172,0
DA:177,0
DA:178,0
DA:202,0
DA:204,0
DA:205,0
DA:217,0
DA:218,0
DA:231,0
DA:236,0
DA:238,0
DA:240,0
DA:249,0
DA:250,0
DA:254,0
DA:255,0
DA:256,0
DA:257,0
DA:259,0
DA:263,0
DA:264,0
DA:268,0
DA:269,0
DA:273,0
DA:282,0
DA:284,0
DA:303,0
DA:306,0
DA:308,0
DA:313,0
DA:314,0
DA:315,0
DA:344,0
DA:352,0
DA:357,0
DA:358,0
DA:359,0
DA:362,0
DA:371,0
DA:387,0
DA:388,0
DA:389,0
DA:390,0
DA:391,0
DA:397,0
DA:402,0
DA:403,0
DA:404,0
DA:406,0
DA:414,0
DA:416,0
DA:417,0
DA:437,0
DA:438,0
DA:442,0
DA:443,0
DA:447,0
DA:449,0
DA:450,0
DA:452,0
DA:453,0
DA:459,0
LF:95
LH:0
BRDA:18,0,0,0
BRDA:18,0,1,0
BRDA:126,1,0,0
BRDA:249,2,0,0
BRDA:249,2,1,0
BRDA:254,3,0,0
BRDA:254,3,1,0
BRDA:256,4,0,0
BRDA:256,4,1,0
BRDA:256,5,0,0
BRDA:256,5,1,0
BRDA:263,6,0,0
BRDA:263,6,1,0
BRDA:263,7,0,0
BRDA:263,7,1,0
BRDA:268,8,0,0
BRDA:268,8,1,0
BRDA:268,9,0,0
BRDA:268,9,1,0
BRDA:358,10,0,0
BRDA:358,10,1,0
BRDA:388,11,0,0
BRDA:388,11,1,0
BRDA:392,12,0,0
BRDA:392,12,1,0
BRDA:403,13,0,0
BRDA:403,13,1,0
BRDA:437,14,0,0
BRDA:437,14,1,0
BRDA:442,15,0,0
BRDA:442,15,1,0
BRDA:442,16,0,0
BRDA:442,16,1,0
BRF:33
BRH:0
end_of_record
